<?xml version="1.0" encoding="utf-8"?>
<CoverageSession xmlns:xsd="http://www.w3.org/2001/XMLSchema" xmlns:xsi="http://www.w3.org/2001/XMLSchema-instance" Version="0.0.0.0">
  <Summary numSequencePoints="536" visitedSequencePoints="45" numBranchPoints="0" visitedBranchPoints="0" sequenceCoverage="8.40" branchCoverage="0.0" maxCyclomaticComplexity="0" minCyclomaticComplexity="0" maxCrapScore="0" minCrapScore="0" visitedClasses="2" numClasses="18" visitedMethods="10" numMethods="90" />
  <Modules>
    <Module>
      <Summary numSequencePoints="11" visitedSequencePoints="0" numBranchPoints="0" visitedBranchPoints="0" sequenceCoverage="0.0" branchCoverage="0.0" maxCyclomaticComplexity="0" minCyclomaticComplexity="0" maxCrapScore="0" minCrapScore="0" visitedClasses="0" numClasses="1" visitedMethods="0" numMethods="2" />
      <ModuleTime>0001-01-01T00:00:00</ModuleTime>
      <ModuleName>Assembly-CSharp</ModuleName>
      <Files>
        <File uid="1" fullPath="D:/Estudos Unity/PetCare/PetCare_Prototype/PetCare/Assets/Models/Turntable_platforms/GodRays/Scripts/ScrollBehaviour.cs" />
      </Files>
      <Classes>
        <Class>
          <Summary numSequencePoints="11" visitedSequencePoints="0" numBranchPoints="0" visitedBranchPoints="0" sequenceCoverage="0.0" branchCoverage="0.0" maxCyclomaticComplexity="0" minCyclomaticComplexity="0" maxCrapScore="0" minCrapScore="0" visitedClasses="0" numClasses="1" visitedMethods="0" numMethods="2" />
          <FullName>ScrollBehaviour</FullName>
          <Methods>
            <Method visited="false" cyclomaticComplexity="0" nPathComplexity="0" sequenceCoverage="0.0" branchCoverage="0" crapScore="0" isConstructor="false" isStatic="false" isGetter="false" isSetter="false">
              <Summary numSequencePoints="7" visitedSequencePoints="0" numBranchPoints="0" visitedBranchPoints="0" sequenceCoverage="0.0" branchCoverage="0" maxCyclomaticComplexity="0" minCyclomaticComplexity="0" maxCrapScore="0" minCrapScore="0" visitedClasses="0" numClasses="0" visitedMethods="0" numMethods="1" />
              <MetadataToken>100663297</MetadataToken>
              <Name>System.Void ScrollBehaviour::LateUpdate()</Name>
              <FileRef uid="1" />
              <SequencePoints>
                <SequencePoint vc="0" uspid="1" ordinal="0" offset="0" sl="13" sc="0" el="13" ec="0" bec="0" bev="0" fileid="1" />
                <SequencePoint vc="0" uspid="2" ordinal="0" offset="1" sl="14" sc="0" el="14" ec="0" bec="0" bev="0" fileid="1" />
                <SequencePoint vc="0" uspid="3" ordinal="0" offset="34" sl="15" sc="0" el="15" ec="0" bec="0" bev="0" fileid="1" />
                <SequencePoint vc="0" uspid="4" ordinal="0" offset="49" sl="16" sc="0" el="16" ec="0" bec="0" bev="0" fileid="1" />
                <SequencePoint vc="0" uspid="5" ordinal="0" offset="50" sl="17" sc="0" el="17" ec="0" bec="0" bev="0" fileid="1" />
                <SequencePoint vc="0" uspid="6" ordinal="0" offset="86" sl="18" sc="0" el="18" ec="0" bec="0" bev="0" fileid="1" />
                <SequencePoint vc="0" uspid="7" ordinal="0" offset="87" sl="19" sc="0" el="19" ec="0" bec="0" bev="0" fileid="1" />
              </SequencePoints>
              <BranchPoints />
            </Method>
            <Method visited="false" cyclomaticComplexity="0" nPathComplexity="0" sequenceCoverage="0.0" branchCoverage="0" crapScore="0" isConstructor="true" isStatic="false" isGetter="false" isSetter="false">
              <Summary numSequencePoints="4" visitedSequencePoints="0" numBranchPoints="0" visitedBranchPoints="0" sequenceCoverage="0.0" branchCoverage="0" maxCyclomaticComplexity="0" minCyclomaticComplexity="0" maxCrapScore="0" minCrapScore="0" visitedClasses="0" numClasses="0" visitedMethods="0" numMethods="1" />
              <MetadataToken>100663298</MetadataToken>
              <Name>ScrollBehaviour::ScrollBehaviour()</Name>
              <FileRef uid="1" />
              <SequencePoints>
                <SequencePoint vc="0" uspid="8" ordinal="0" offset="0" sl="6" sc="0" el="6" ec="0" bec="0" bev="0" fileid="1" />
                <SequencePoint vc="0" uspid="9" ordinal="0" offset="7" sl="7" sc="0" el="7" ec="0" bec="0" bev="0" fileid="1" />
                <SequencePoint vc="0" uspid="10" ordinal="0" offset="28" sl="8" sc="0" el="8" ec="0" bec="0" bev="0" fileid="1" />
                <SequencePoint vc="0" uspid="11" ordinal="0" offset="39" sl="10" sc="0" el="10" ec="0" bec="0" bev="0" fileid="1" />
              </SequencePoints>
              <BranchPoints />
            </Method>
          </Methods>
        </Class>
      </Classes>
    </Module>
    <Module>
      <Summary numSequencePoints="499" visitedSequencePoints="19" numBranchPoints="0" visitedBranchPoints="0" sequenceCoverage="3.81" branchCoverage="0.0" maxCyclomaticComplexity="0" minCyclomaticComplexity="0" maxCrapScore="0" minCrapScore="0" visitedClasses="1" numClasses="16" visitedMethods="6" numMethods="84" />
      <ModuleTime>0001-01-01T00:00:00</ModuleTime>
      <ModuleName>Scripts</ModuleName>
      <Files>
        <File uid="2" fullPath="D:/Estudos Unity/PetCare/PetCare_Prototype/PetCare/Assets/Scripts/Pet/LoadData.cs" />
        <File uid="3" fullPath="D:/Estudos Unity/PetCare/PetCare_Prototype/PetCare/Assets/Scripts/Event/EventController.cs" />
        <File uid="4" fullPath="D:/Estudos Unity/PetCare/PetCare_Prototype/PetCare/Assets/Scripts/Event/TimerController.cs" />
        <File uid="5" fullPath="D:/Estudos Unity/PetCare/PetCare_Prototype/PetCare/Assets/Scripts/Managers/GameManager.cs" />
        <File uid="6" fullPath="D:/Estudos Unity/PetCare/PetCare_Prototype/PetCare/Assets/Scripts/Pet/Pet.cs" />
        <File uid="7" fullPath="D:/Estudos Unity/PetCare/PetCare_Prototype/PetCare/Assets/Scripts/Pet/PetController.cs" />
        <File uid="8" fullPath="D:/Estudos Unity/PetCare/PetCare_Prototype/PetCare/Assets/Scripts/Rooms/Kitchen/BasketController.cs" />
        <File uid="9" fullPath="D:/Estudos Unity/PetCare/PetCare_Prototype/PetCare/Assets/Scripts/Rooms/Kitchen/Candy.cs" />
        <File uid="10" fullPath="D:/Estudos Unity/PetCare/PetCare_Prototype/PetCare/Assets/Scripts/Rooms/Kitchen/ItemData.cs" />
        <File uid="11" fullPath="D:/Estudos Unity/PetCare/PetCare_Prototype/PetCare/Assets/Scripts/Rooms/Kitchen/KitchenController.cs" />
        <File uid="12" fullPath="D:/Estudos Unity/PetCare/PetCare_Prototype/PetCare/Assets/Scripts/UI/HUD.cs" />
        <File uid="13" fullPath="D:/Estudos Unity/PetCare/PetCare_Prototype/PetCare/Assets/Scripts/UI/UIController.cs" />
      </Files>
      <Classes>
        <Class>
          <Summary numSequencePoints="9" visitedSequencePoints="0" numBranchPoints="0" visitedBranchPoints="0" sequenceCoverage="0.0" branchCoverage="0.0" maxCyclomaticComplexity="0" minCyclomaticComplexity="0" maxCrapScore="0" minCrapScore="0" visitedClasses="0" numClasses="1" visitedMethods="0" numMethods="2" />
          <FullName>LoadData</FullName>
          <Methods>
            <Method visited="false" cyclomaticComplexity="0" nPathComplexity="0" sequenceCoverage="0.0" branchCoverage="0" crapScore="0" isConstructor="false" isStatic="true" isGetter="false" isSetter="false">
              <Summary numSequencePoints="5" visitedSequencePoints="0" numBranchPoints="0" visitedBranchPoints="0" sequenceCoverage="0.0" branchCoverage="0" maxCyclomaticComplexity="0" minCyclomaticComplexity="0" maxCrapScore="0" minCrapScore="0" visitedClasses="0" numClasses="0" visitedMethods="0" numMethods="1" />
              <MetadataToken>100663297</MetadataToken>
              <Name>static PetCare.PetData LoadData::LoadPetData()</Name>
              <FileRef uid="2" />
              <SequencePoints>
                <SequencePoint vc="0" uspid="12" ordinal="0" offset="0" sl="9" sc="0" el="9" ec="0" bec="0" bev="0" fileid="2" />
                <SequencePoint vc="0" uspid="13" ordinal="0" offset="1" sl="10" sc="0" el="10" ec="0" bec="0" bev="0" fileid="2" />
                <SequencePoint vc="0" uspid="14" ordinal="0" offset="12" sl="12" sc="0" el="12" ec="0" bec="0" bev="0" fileid="2" />
                <SequencePoint vc="0" uspid="15" ordinal="0" offset="62" sl="24" sc="0" el="24" ec="0" bec="0" bev="0" fileid="2" />
                <SequencePoint vc="0" uspid="16" ordinal="0" offset="66" sl="25" sc="0" el="25" ec="0" bec="0" bev="0" fileid="2" />
              </SequencePoints>
              <BranchPoints />
            </Method>
            <Method visited="false" cyclomaticComplexity="0" nPathComplexity="0" sequenceCoverage="0.0" branchCoverage="0" crapScore="0" isConstructor="false" isStatic="true" isGetter="false" isSetter="false">
              <Summary numSequencePoints="4" visitedSequencePoints="0" numBranchPoints="0" visitedBranchPoints="0" sequenceCoverage="0.0" branchCoverage="0" maxCyclomaticComplexity="0" minCyclomaticComplexity="0" maxCrapScore="0" minCrapScore="0" visitedClasses="0" numClasses="0" visitedMethods="0" numMethods="1" />
              <MetadataToken>100663298</MetadataToken>
              <Name>static System.Collections.Generic.List[ItemData] LoadData::LoadKitchenItems()</Name>
              <FileRef uid="2" />
              <SequencePoints>
                <SequencePoint vc="0" uspid="17" ordinal="0" offset="0" sl="28" sc="0" el="28" ec="0" bec="0" bev="0" fileid="2" />
                <SequencePoint vc="0" uspid="18" ordinal="0" offset="1" sl="29" sc="0" el="29" ec="0" bec="0" bev="0" fileid="2" />
                <SequencePoint vc="0" uspid="19" ordinal="0" offset="231" sl="65" sc="0" el="65" ec="0" bec="0" bev="0" fileid="2" />
                <SequencePoint vc="0" uspid="20" ordinal="0" offset="235" sl="66" sc="0" el="66" ec="0" bec="0" bev="0" fileid="2" />
              </SequencePoints>
              <BranchPoints />
            </Method>
          </Methods>
        </Class>
        <Class>
          <Summary numSequencePoints="28" visitedSequencePoints="0" numBranchPoints="0" visitedBranchPoints="0" sequenceCoverage="0.0" branchCoverage="0.0" maxCyclomaticComplexity="0" minCyclomaticComplexity="0" maxCrapScore="0" minCrapScore="0" visitedClasses="0" numClasses="1" visitedMethods="0" numMethods="5" />
          <FullName>PetCare.EventController</FullName>
          <Methods>
            <Method visited="false" cyclomaticComplexity="0" nPathComplexity="0" sequenceCoverage="0.0" branchCoverage="0" crapScore="0" isConstructor="false" isStatic="false" isGetter="false" isSetter="false">
              <Summary numSequencePoints="3" visitedSequencePoints="0" numBranchPoints="0" visitedBranchPoints="0" sequenceCoverage="0.0" branchCoverage="0" maxCyclomaticComplexity="0" minCyclomaticComplexity="0" maxCrapScore="0" minCrapScore="0" visitedClasses="0" numClasses="0" visitedMethods="0" numMethods="1" />
              <MetadataToken>100663311</MetadataToken>
              <Name>System.Void PetCare.EventController::ChangeScene(System.String)</Name>
              <FileRef uid="3" />
              <SequencePoints>
                <SequencePoint vc="0" uspid="21" ordinal="0" offset="0" sl="28" sc="0" el="28" ec="0" bec="0" bev="0" fileid="3" />
                <SequencePoint vc="0" uspid="22" ordinal="0" offset="1" sl="29" sc="0" el="29" ec="0" bec="0" bev="0" fileid="3" />
                <SequencePoint vc="0" uspid="23" ordinal="0" offset="8" sl="30" sc="0" el="30" ec="0" bec="0" bev="0" fileid="3" />
              </SequencePoints>
              <BranchPoints />
            </Method>
            <Method visited="false" cyclomaticComplexity="0" nPathComplexity="0" sequenceCoverage="0.0" branchCoverage="0" crapScore="0" isConstructor="false" isStatic="false" isGetter="false" isSetter="false">
              <Summary numSequencePoints="3" visitedSequencePoints="0" numBranchPoints="0" visitedBranchPoints="0" sequenceCoverage="0.0" branchCoverage="0" maxCyclomaticComplexity="0" minCyclomaticComplexity="0" maxCrapScore="0" minCrapScore="0" visitedClasses="0" numClasses="0" visitedMethods="0" numMethods="1" />
              <MetadataToken>100663312</MetadataToken>
              <Name>System.Void PetCare.EventController::QuitGame()</Name>
              <FileRef uid="3" />
              <SequencePoints>
                <SequencePoint vc="0" uspid="24" ordinal="0" offset="0" sl="37" sc="0" el="37" ec="0" bec="0" bev="0" fileid="3" />
                <SequencePoint vc="0" uspid="25" ordinal="0" offset="1" sl="38" sc="0" el="38" ec="0" bec="0" bev="0" fileid="3" />
                <SequencePoint vc="0" uspid="26" ordinal="0" offset="7" sl="39" sc="0" el="39" ec="0" bec="0" bev="0" fileid="3" />
              </SequencePoints>
              <BranchPoints />
            </Method>
            <Method visited="false" cyclomaticComplexity="0" nPathComplexity="0" sequenceCoverage="0.0" branchCoverage="0" crapScore="0" isConstructor="false" isStatic="false" isGetter="false" isSetter="false">
              <Summary numSequencePoints="8" visitedSequencePoints="0" numBranchPoints="0" visitedBranchPoints="0" sequenceCoverage="0.0" branchCoverage="0" maxCyclomaticComplexity="0" minCyclomaticComplexity="0" maxCrapScore="0" minCrapScore="0" visitedClasses="0" numClasses="0" visitedMethods="0" numMethods="1" />
              <MetadataToken>100663313</MetadataToken>
              <Name>System.Void PetCare.EventController::ApplyRotation(System.Boolean)</Name>
              <FileRef uid="3" />
              <SequencePoints>
                <SequencePoint vc="0" uspid="27" ordinal="0" offset="0" sl="45" sc="0" el="45" ec="0" bec="0" bev="0" fileid="3" />
                <SequencePoint vc="0" uspid="28" ordinal="0" offset="1" sl="46" sc="0" el="46" ec="0" bec="0" bev="0" fileid="3" />
                <SequencePoint vc="0" uspid="29" ordinal="0" offset="12" sl="48" sc="0" el="48" ec="0" bec="0" bev="0" fileid="3" />
                <SequencePoint vc="0" uspid="30" ordinal="0" offset="24" sl="49" sc="0" el="49" ec="0" bec="0" bev="0" fileid="3" />
                <SequencePoint vc="0" uspid="31" ordinal="0" offset="25" sl="50" sc="0" el="50" ec="0" bec="0" bev="0" fileid="3" />
                <SequencePoint vc="0" uspid="32" ordinal="0" offset="36" sl="51" sc="0" el="51" ec="0" bec="0" bev="0" fileid="3" />
                <SequencePoint vc="0" uspid="33" ordinal="0" offset="48" sl="52" sc="0" el="52" ec="0" bec="0" bev="0" fileid="3" />
                <SequencePoint vc="0" uspid="34" ordinal="0" offset="49" sl="53" sc="0" el="53" ec="0" bec="0" bev="0" fileid="3" />
              </SequencePoints>
              <BranchPoints />
            </Method>
            <Method visited="false" cyclomaticComplexity="0" nPathComplexity="0" sequenceCoverage="0.0" branchCoverage="0" crapScore="0" isConstructor="false" isStatic="false" isGetter="false" isSetter="false">
              <Summary numSequencePoints="8" visitedSequencePoints="0" numBranchPoints="0" visitedBranchPoints="0" sequenceCoverage="0.0" branchCoverage="0" maxCyclomaticComplexity="0" minCyclomaticComplexity="0" maxCrapScore="0" minCrapScore="0" visitedClasses="0" numClasses="0" visitedMethods="0" numMethods="1" />
              <MetadataToken>100663314</MetadataToken>
              <Name>System.Void PetCare.EventController::OpenKitchen()</Name>
              <FileRef uid="3" />
              <SequencePoints>
                <SequencePoint vc="0" uspid="35" ordinal="0" offset="0" sl="60" sc="0" el="60" ec="0" bec="0" bev="0" fileid="3" />
                <SequencePoint vc="0" uspid="36" ordinal="0" offset="1" sl="61" sc="0" el="61" ec="0" bec="0" bev="0" fileid="3" />
                <SequencePoint vc="0" uspid="37" ordinal="0" offset="12" sl="63" sc="0" el="63" ec="0" bec="0" bev="0" fileid="3" />
                <SequencePoint vc="0" uspid="38" ordinal="0" offset="24" sl="64" sc="0" el="64" ec="0" bec="0" bev="0" fileid="3" />
                <SequencePoint vc="0" uspid="39" ordinal="0" offset="25" sl="65" sc="0" el="65" ec="0" bec="0" bev="0" fileid="3" />
                <SequencePoint vc="0" uspid="40" ordinal="0" offset="36" sl="66" sc="0" el="66" ec="0" bec="0" bev="0" fileid="3" />
                <SequencePoint vc="0" uspid="41" ordinal="0" offset="47" sl="67" sc="0" el="67" ec="0" bec="0" bev="0" fileid="3" />
                <SequencePoint vc="0" uspid="42" ordinal="0" offset="48" sl="68" sc="0" el="68" ec="0" bec="0" bev="0" fileid="3" />
              </SequencePoints>
              <BranchPoints />
            </Method>
            <Method visited="false" cyclomaticComplexity="0" nPathComplexity="0" sequenceCoverage="0.0" branchCoverage="0" crapScore="0" isConstructor="false" isStatic="false" isGetter="false" isSetter="false">
              <Summary numSequencePoints="6" visitedSequencePoints="0" numBranchPoints="0" visitedBranchPoints="0" sequenceCoverage="0.0" branchCoverage="0" maxCyclomaticComplexity="0" minCyclomaticComplexity="0" maxCrapScore="0" minCrapScore="0" visitedClasses="0" numClasses="0" visitedMethods="0" numMethods="1" />
              <MetadataToken>100663315</MetadataToken>
              <Name>System.Void PetCare.EventController::NotifyUI()</Name>
              <FileRef uid="3" />
              <SequencePoints>
                <SequencePoint vc="0" uspid="43" ordinal="0" offset="0" sl="74" sc="0" el="74" ec="0" bec="0" bev="0" fileid="3" />
                <SequencePoint vc="0" uspid="44" ordinal="0" offset="1" sl="75" sc="0" el="75" ec="0" bec="0" bev="0" fileid="3" />
                <SequencePoint vc="0" uspid="45" ordinal="0" offset="13" sl="76" sc="0" el="76" ec="0" bec="0" bev="0" fileid="3" />
                <SequencePoint vc="0" uspid="46" ordinal="0" offset="14" sl="77" sc="0" el="77" ec="0" bec="0" bev="0" fileid="3" />
                <SequencePoint vc="0" uspid="47" ordinal="0" offset="25" sl="78" sc="0" el="78" ec="0" bec="0" bev="0" fileid="3" />
                <SequencePoint vc="0" uspid="48" ordinal="0" offset="26" sl="79" sc="0" el="79" ec="0" bec="0" bev="0" fileid="3" />
              </SequencePoints>
              <BranchPoints />
            </Method>
          </Methods>
        </Class>
        <Class>
          <Summary numSequencePoints="3" visitedSequencePoints="0" numBranchPoints="0" visitedBranchPoints="0" sequenceCoverage="0.0" branchCoverage="0.0" maxCyclomaticComplexity="0" minCyclomaticComplexity="0" maxCrapScore="0" minCrapScore="0" visitedClasses="0" numClasses="1" visitedMethods="0" numMethods="1" />
          <FullName>PetCare.TimerController</FullName>
          <Methods>
            <Method visited="false" cyclomaticComplexity="0" nPathComplexity="0" sequenceCoverage="0.0" branchCoverage="0" crapScore="0" isConstructor="false" isStatic="false" isGetter="false" isSetter="false">
              <Summary numSequencePoints="3" visitedSequencePoints="0" numBranchPoints="0" visitedBranchPoints="0" sequenceCoverage="0.0" branchCoverage="0" maxCyclomaticComplexity="0" minCyclomaticComplexity="0" maxCrapScore="0" minCrapScore="0" visitedClasses="0" numClasses="0" visitedMethods="0" numMethods="1" />
              <MetadataToken>100663317</MetadataToken>
              <Name>System.Void PetCare.TimerController::Start()</Name>
              <FileRef uid="4" />
              <SequencePoints>
                <SequencePoint vc="0" uspid="49" ordinal="0" offset="0" sl="16" sc="0" el="16" ec="0" bec="0" bev="0" fileid="4" />
                <SequencePoint vc="0" uspid="50" ordinal="0" offset="1" sl="17" sc="0" el="17" ec="0" bec="0" bev="0" fileid="4" />
                <SequencePoint vc="0" uspid="51" ordinal="0" offset="14" sl="18" sc="0" el="18" ec="0" bec="0" bev="0" fileid="4" />
              </SequencePoints>
              <BranchPoints />
            </Method>
          </Methods>
        </Class>
        <Class>
          <Summary numSequencePoints="4" visitedSequencePoints="0" numBranchPoints="0" visitedBranchPoints="0" sequenceCoverage="0.0" branchCoverage="0.0" maxCyclomaticComplexity="0" minCyclomaticComplexity="0" maxCrapScore="0" minCrapScore="0" visitedClasses="0" numClasses="1" visitedMethods="0" numMethods="2" />
          <FullName>PetCare.GameManager</FullName>
          <Methods>
            <Method visited="false" cyclomaticComplexity="0" nPathComplexity="0" sequenceCoverage="0.0" branchCoverage="0" crapScore="0" isConstructor="false" isStatic="false" isGetter="false" isSetter="false">
              <Summary numSequencePoints="2" visitedSequencePoints="0" numBranchPoints="0" visitedBranchPoints="0" sequenceCoverage="0.0" branchCoverage="0" maxCyclomaticComplexity="0" minCyclomaticComplexity="0" maxCrapScore="0" minCrapScore="0" visitedClasses="0" numClasses="0" visitedMethods="0" numMethods="1" />
              <MetadataToken>100663320</MetadataToken>
              <Name>System.Void PetCare.GameManager::Start()</Name>
              <FileRef uid="5" />
              <SequencePoints>
                <SequencePoint vc="0" uspid="52" ordinal="0" offset="0" sl="11" sc="0" el="11" ec="0" bec="0" bev="0" fileid="5" />
                <SequencePoint vc="0" uspid="53" ordinal="0" offset="1" sl="13" sc="0" el="13" ec="0" bec="0" bev="0" fileid="5" />
              </SequencePoints>
              <BranchPoints />
            </Method>
            <Method visited="false" cyclomaticComplexity="0" nPathComplexity="0" sequenceCoverage="0.0" branchCoverage="0" crapScore="0" isConstructor="false" isStatic="false" isGetter="false" isSetter="false">
              <Summary numSequencePoints="2" visitedSequencePoints="0" numBranchPoints="0" visitedBranchPoints="0" sequenceCoverage="0.0" branchCoverage="0" maxCyclomaticComplexity="0" minCyclomaticComplexity="0" maxCrapScore="0" minCrapScore="0" visitedClasses="0" numClasses="0" visitedMethods="0" numMethods="1" />
              <MetadataToken>100663321</MetadataToken>
              <Name>System.Void PetCare.GameManager::Update()</Name>
              <FileRef uid="5" />
              <SequencePoints>
                <SequencePoint vc="0" uspid="54" ordinal="0" offset="0" sl="17" sc="0" el="17" ec="0" bec="0" bev="0" fileid="5" />
                <SequencePoint vc="0" uspid="55" ordinal="0" offset="1" sl="19" sc="0" el="19" ec="0" bec="0" bev="0" fileid="5" />
              </SequencePoints>
              <BranchPoints />
            </Method>
          </Methods>
        </Class>
        <Class>
          <Summary numSequencePoints="53" visitedSequencePoints="19" numBranchPoints="0" visitedBranchPoints="0" sequenceCoverage="35.85" branchCoverage="0.0" maxCyclomaticComplexity="0" minCyclomaticComplexity="0" maxCrapScore="0" minCrapScore="0" visitedClasses="1" numClasses="1" visitedMethods="6" numMethods="13" />
          <FullName>PetCare.Pet</FullName>
          <Methods>
            <Method visited="false" cyclomaticComplexity="0" nPathComplexity="0" sequenceCoverage="0.0" branchCoverage="0" crapScore="0" isConstructor="false" isStatic="false" isGetter="true" isSetter="false">
              <Summary numSequencePoints="3" visitedSequencePoints="0" numBranchPoints="0" visitedBranchPoints="0" sequenceCoverage="0.0" branchCoverage="0" maxCyclomaticComplexity="0" minCyclomaticComplexity="0" maxCrapScore="0" minCrapScore="0" visitedClasses="0" numClasses="0" visitedMethods="0" numMethods="1" />
              <MetadataToken>100663335</MetadataToken>
              <Name>System.Int32 PetCare.Pet::get_RotateAmount()</Name>
              <FileRef uid="6" />
              <SequencePoints>
                <SequencePoint vc="0" uspid="56" ordinal="0" offset="0" sl="21" sc="0" el="21" ec="0" bec="0" bev="0" fileid="6" />
                <SequencePoint vc="0" uspid="57" ordinal="0" offset="1" sl="22" sc="0" el="22" ec="0" bec="0" bev="0" fileid="6" />
                <SequencePoint vc="0" uspid="58" ordinal="0" offset="10" sl="23" sc="0" el="23" ec="0" bec="0" bev="0" fileid="6" />
              </SequencePoints>
              <BranchPoints />
            </Method>
            <Method visited="false" cyclomaticComplexity="0" nPathComplexity="0" sequenceCoverage="0.0" branchCoverage="0" crapScore="0" isConstructor="false" isStatic="false" isGetter="false" isSetter="true">
              <Summary numSequencePoints="3" visitedSequencePoints="0" numBranchPoints="0" visitedBranchPoints="0" sequenceCoverage="0.0" branchCoverage="0" maxCyclomaticComplexity="0" minCyclomaticComplexity="0" maxCrapScore="0" minCrapScore="0" visitedClasses="0" numClasses="0" visitedMethods="0" numMethods="1" />
              <MetadataToken>100663336</MetadataToken>
              <Name>System.Void PetCare.Pet::set_RotateAmount(System.Int32)</Name>
              <FileRef uid="6" />
              <SequencePoints>
                <SequencePoint vc="0" uspid="59" ordinal="0" offset="0" sl="25" sc="0" el="25" ec="0" bec="0" bev="0" fileid="6" />
                <SequencePoint vc="0" uspid="60" ordinal="0" offset="1" sl="26" sc="0" el="26" ec="0" bec="0" bev="0" fileid="6" />
                <SequencePoint vc="0" uspid="61" ordinal="0" offset="8" sl="27" sc="0" el="27" ec="0" bec="0" bev="0" fileid="6" />
              </SequencePoints>
              <BranchPoints />
            </Method>
            <Method visited="false" cyclomaticComplexity="0" nPathComplexity="0" sequenceCoverage="0.0" branchCoverage="0" crapScore="0" isConstructor="false" isStatic="false" isGetter="true" isSetter="false">
              <Summary numSequencePoints="3" visitedSequencePoints="0" numBranchPoints="0" visitedBranchPoints="0" sequenceCoverage="0.0" branchCoverage="0" maxCyclomaticComplexity="0" minCyclomaticComplexity="0" maxCrapScore="0" minCrapScore="0" visitedClasses="0" numClasses="0" visitedMethods="0" numMethods="1" />
              <MetadataToken>100663337</MetadataToken>
              <Name>System.Int32 PetCare.Pet::get_Amount()</Name>
              <FileRef uid="6" />
              <SequencePoints>
                <SequencePoint vc="0" uspid="62" ordinal="0" offset="0" sl="33" sc="0" el="33" ec="0" bec="0" bev="0" fileid="6" />
                <SequencePoint vc="0" uspid="63" ordinal="0" offset="1" sl="34" sc="0" el="34" ec="0" bec="0" bev="0" fileid="6" />
                <SequencePoint vc="0" uspid="64" ordinal="0" offset="10" sl="35" sc="0" el="35" ec="0" bec="0" bev="0" fileid="6" />
              </SequencePoints>
              <BranchPoints />
            </Method>
            <Method visited="true" cyclomaticComplexity="0" nPathComplexity="0" sequenceCoverage="100.0" branchCoverage="0" crapScore="0" isConstructor="false" isStatic="false" isGetter="false" isSetter="true">
              <Summary numSequencePoints="3" visitedSequencePoints="3" numBranchPoints="0" visitedBranchPoints="0" sequenceCoverage="100.0" branchCoverage="0" maxCyclomaticComplexity="0" minCyclomaticComplexity="0" maxCrapScore="0" minCrapScore="0" visitedClasses="0" numClasses="0" visitedMethods="1" numMethods="1" />
              <MetadataToken>100663338</MetadataToken>
              <Name>System.Void PetCare.Pet::set_Amount(System.Int32)</Name>
              <FileRef uid="6" />
              <SequencePoints>
                <SequencePoint vc="2" uspid="65" ordinal="0" offset="0" sl="37" sc="13" el="37" ec="13" bec="0" bev="0" fileid="6" />
                <SequencePoint vc="2" uspid="66" ordinal="0" offset="1" sl="38" sc="17" el="38" ec="17" bec="0" bev="0" fileid="6" />
                <SequencePoint vc="2" uspid="67" ordinal="0" offset="8" sl="39" sc="13" el="39" ec="13" bec="0" bev="0" fileid="6" />
              </SequencePoints>
              <BranchPoints />
            </Method>
            <Method visited="true" cyclomaticComplexity="0" nPathComplexity="0" sequenceCoverage="100.0" branchCoverage="0" crapScore="0" isConstructor="false" isStatic="false" isGetter="true" isSetter="false">
              <Summary numSequencePoints="3" visitedSequencePoints="3" numBranchPoints="0" visitedBranchPoints="0" sequenceCoverage="100.0" branchCoverage="0" maxCyclomaticComplexity="0" minCyclomaticComplexity="0" maxCrapScore="0" minCrapScore="0" visitedClasses="0" numClasses="0" visitedMethods="1" numMethods="1" />
              <MetadataToken>100663339</MetadataToken>
              <Name>PetCare.PetData PetCare.Pet::get_Data()</Name>
              <FileRef uid="6" />
              <SequencePoints>
                <SequencePoint vc="5" uspid="68" ordinal="0" offset="0" sl="45" sc="13" el="45" ec="13" bec="0" bev="0" fileid="6" />
                <SequencePoint vc="5" uspid="69" ordinal="0" offset="1" sl="46" sc="17" el="46" ec="17" bec="0" bev="0" fileid="6" />
                <SequencePoint vc="5" uspid="70" ordinal="0" offset="10" sl="47" sc="13" el="47" ec="13" bec="0" bev="0" fileid="6" />
              </SequencePoints>
              <BranchPoints />
            </Method>
            <Method visited="true" cyclomaticComplexity="0" nPathComplexity="0" sequenceCoverage="100.0" branchCoverage="0" crapScore="0" isConstructor="false" isStatic="false" isGetter="false" isSetter="true">
              <Summary numSequencePoints="3" visitedSequencePoints="3" numBranchPoints="0" visitedBranchPoints="0" sequenceCoverage="100.0" branchCoverage="0" maxCyclomaticComplexity="0" minCyclomaticComplexity="0" maxCrapScore="0" minCrapScore="0" visitedClasses="0" numClasses="0" visitedMethods="1" numMethods="1" />
              <MetadataToken>100663340</MetadataToken>
              <Name>System.Void PetCare.Pet::set_Data(PetCare.PetData)</Name>
              <FileRef uid="6" />
              <SequencePoints>
                <SequencePoint vc="4" uspid="71" ordinal="0" offset="0" sl="49" sc="13" el="49" ec="13" bec="0" bev="0" fileid="6" />
                <SequencePoint vc="4" uspid="72" ordinal="0" offset="1" sl="50" sc="17" el="50" ec="17" bec="0" bev="0" fileid="6" />
                <SequencePoint vc="4" uspid="73" ordinal="0" offset="8" sl="51" sc="13" el="51" ec="13" bec="0" bev="0" fileid="6" />
              </SequencePoints>
              <BranchPoints />
            </Method>
            <Method visited="false" cyclomaticComplexity="0" nPathComplexity="0" sequenceCoverage="0.0" branchCoverage="0" crapScore="0" isConstructor="false" isStatic="false" isGetter="false" isSetter="false">
              <Summary numSequencePoints="10" visitedSequencePoints="0" numBranchPoints="0" visitedBranchPoints="0" sequenceCoverage="0.0" branchCoverage="0" maxCyclomaticComplexity="0" minCyclomaticComplexity="0" maxCrapScore="0" minCrapScore="0" visitedClasses="0" numClasses="0" visitedMethods="0" numMethods="1" />
              <MetadataToken>100663341</MetadataToken>
              <Name>System.Void PetCare.Pet::SetInitialData(PetCare.PetData)</Name>
              <FileRef uid="6" />
              <SequencePoints>
                <SequencePoint vc="0" uspid="74" ordinal="0" offset="0" sl="55" sc="0" el="55" ec="0" bec="0" bev="0" fileid="6" />
                <SequencePoint vc="0" uspid="75" ordinal="0" offset="1" sl="56" sc="0" el="56" ec="0" bec="0" bev="0" fileid="6" />
                <SequencePoint vc="0" uspid="76" ordinal="0" offset="12" sl="57" sc="0" el="57" ec="0" bec="0" bev="0" fileid="6" />
                <SequencePoint vc="0" uspid="77" ordinal="0" offset="23" sl="58" sc="0" el="58" ec="0" bec="0" bev="0" fileid="6" />
                <SequencePoint vc="0" uspid="78" ordinal="0" offset="24" sl="59" sc="0" el="59" ec="0" bec="0" bev="0" fileid="6" />
                <SequencePoint vc="0" uspid="79" ordinal="0" offset="41" sl="60" sc="0" el="60" ec="0" bec="0" bev="0" fileid="6" />
                <SequencePoint vc="0" uspid="80" ordinal="0" offset="58" sl="62" sc="0" el="62" ec="0" bec="0" bev="0" fileid="6" />
                <SequencePoint vc="0" uspid="81" ordinal="0" offset="75" sl="63" sc="0" el="63" ec="0" bec="0" bev="0" fileid="6" />
                <SequencePoint vc="0" uspid="82" ordinal="0" offset="92" sl="65" sc="0" el="65" ec="0" bec="0" bev="0" fileid="6" />
                <SequencePoint vc="0" uspid="83" ordinal="0" offset="103" sl="66" sc="0" el="66" ec="0" bec="0" bev="0" fileid="6" />
              </SequencePoints>
              <BranchPoints />
            </Method>
            <Method visited="false" cyclomaticComplexity="0" nPathComplexity="0" sequenceCoverage="0.0" branchCoverage="0" crapScore="0" isConstructor="false" isStatic="false" isGetter="false" isSetter="false">
              <Summary numSequencePoints="7" visitedSequencePoints="0" numBranchPoints="0" visitedBranchPoints="0" sequenceCoverage="0.0" branchCoverage="0" maxCyclomaticComplexity="0" minCyclomaticComplexity="0" maxCrapScore="0" minCrapScore="0" visitedClasses="0" numClasses="0" visitedMethods="0" numMethods="1" />
              <MetadataToken>100663342</MetadataToken>
              <Name>System.Void PetCare.Pet::UpdateStatus(PetCare.PetData)</Name>
              <FileRef uid="6" />
              <SequencePoints>
                <SequencePoint vc="0" uspid="84" ordinal="0" offset="0" sl="69" sc="0" el="69" ec="0" bec="0" bev="0" fileid="6" />
                <SequencePoint vc="0" uspid="85" ordinal="0" offset="1" sl="70" sc="0" el="70" ec="0" bec="0" bev="0" fileid="6" />
                <SequencePoint vc="0" uspid="86" ordinal="0" offset="12" sl="72" sc="0" el="72" ec="0" bec="0" bev="0" fileid="6" />
                <SequencePoint vc="0" uspid="87" ordinal="0" offset="29" sl="73" sc="0" el="73" ec="0" bec="0" bev="0" fileid="6" />
                <SequencePoint vc="0" uspid="88" ordinal="0" offset="46" sl="75" sc="0" el="75" ec="0" bec="0" bev="0" fileid="6" />
                <SequencePoint vc="0" uspid="89" ordinal="0" offset="63" sl="76" sc="0" el="76" ec="0" bec="0" bev="0" fileid="6" />
                <SequencePoint vc="0" uspid="90" ordinal="0" offset="80" sl="77" sc="0" el="77" ec="0" bec="0" bev="0" fileid="6" />
              </SequencePoints>
              <BranchPoints />
            </Method>
            <Method visited="true" cyclomaticComplexity="0" nPathComplexity="0" sequenceCoverage="100.0" branchCoverage="0" crapScore="0" isConstructor="false" isStatic="false" isGetter="false" isSetter="false">
              <Summary numSequencePoints="4" visitedSequencePoints="4" numBranchPoints="0" visitedBranchPoints="0" sequenceCoverage="100.0" branchCoverage="0" maxCyclomaticComplexity="0" minCyclomaticComplexity="0" maxCrapScore="0" minCrapScore="0" visitedClasses="0" numClasses="0" visitedMethods="1" numMethods="1" />
              <MetadataToken>100663343</MetadataToken>
              <Name>System.Void PetCare.Pet::DecreaseHungry()</Name>
              <FileRef uid="6" />
              <SequencePoints>
                <SequencePoint vc="2" uspid="91" ordinal="0" offset="0" sl="80" sc="9" el="80" ec="9" bec="0" bev="0" fileid="6" />
                <SequencePoint vc="2" uspid="92" ordinal="0" offset="1" sl="81" sc="13" el="81" ec="13" bec="0" bev="0" fileid="6" />
                <SequencePoint vc="2" uspid="93" ordinal="0" offset="25" sl="82" sc="13" el="82" ec="13" bec="0" bev="0" fileid="6" />
                <SequencePoint vc="2" uspid="94" ordinal="0" offset="53" sl="83" sc="9" el="83" ec="9" bec="0" bev="0" fileid="6" />
              </SequencePoints>
              <BranchPoints />
            </Method>
            <Method visited="false" cyclomaticComplexity="0" nPathComplexity="0" sequenceCoverage="0.0" branchCoverage="0" crapScore="0" isConstructor="false" isStatic="false" isGetter="false" isSetter="false">
              <Summary numSequencePoints="4" visitedSequencePoints="0" numBranchPoints="0" visitedBranchPoints="0" sequenceCoverage="0.0" branchCoverage="0" maxCyclomaticComplexity="0" minCyclomaticComplexity="0" maxCrapScore="0" minCrapScore="0" visitedClasses="0" numClasses="0" visitedMethods="0" numMethods="1" />
              <MetadataToken>100663344</MetadataToken>
              <Name>System.Void PetCare.Pet::DecreaseHappiness()</Name>
              <FileRef uid="6" />
              <SequencePoints>
                <SequencePoint vc="0" uspid="95" ordinal="0" offset="0" sl="86" sc="0" el="86" ec="0" bec="0" bev="0" fileid="6" />
                <SequencePoint vc="0" uspid="96" ordinal="0" offset="1" sl="87" sc="0" el="87" ec="0" bec="0" bev="0" fileid="6" />
                <SequencePoint vc="0" uspid="97" ordinal="0" offset="25" sl="88" sc="0" el="88" ec="0" bec="0" bev="0" fileid="6" />
                <SequencePoint vc="0" uspid="98" ordinal="0" offset="53" sl="89" sc="0" el="89" ec="0" bec="0" bev="0" fileid="6" />
              </SequencePoints>
              <BranchPoints />
            </Method>
            <Method visited="false" cyclomaticComplexity="0" nPathComplexity="0" sequenceCoverage="0.0" branchCoverage="0" crapScore="0" isConstructor="false" isStatic="false" isGetter="false" isSetter="false">
              <Summary numSequencePoints="4" visitedSequencePoints="0" numBranchPoints="0" visitedBranchPoints="0" sequenceCoverage="0.0" branchCoverage="0" maxCyclomaticComplexity="0" minCyclomaticComplexity="0" maxCrapScore="0" minCrapScore="0" visitedClasses="0" numClasses="0" visitedMethods="0" numMethods="1" />
              <MetadataToken>100663345</MetadataToken>
              <Name>System.Void PetCare.Pet::IncreaseHappiness(System.Int32)</Name>
              <FileRef uid="6" />
              <SequencePoints>
                <SequencePoint vc="0" uspid="99" ordinal="0" offset="0" sl="92" sc="0" el="92" ec="0" bec="0" bev="0" fileid="6" />
                <SequencePoint vc="0" uspid="100" ordinal="0" offset="1" sl="93" sc="0" el="93" ec="0" bec="0" bev="0" fileid="6" />
                <SequencePoint vc="0" uspid="101" ordinal="0" offset="20" sl="94" sc="0" el="94" ec="0" bec="0" bev="0" fileid="6" />
                <SequencePoint vc="0" uspid="102" ordinal="0" offset="58" sl="95" sc="0" el="95" ec="0" bec="0" bev="0" fileid="6" />
              </SequencePoints>
              <BranchPoints />
            </Method>
            <Method visited="true" cyclomaticComplexity="0" nPathComplexity="0" sequenceCoverage="100.0" branchCoverage="0" crapScore="0" isConstructor="false" isStatic="false" isGetter="false" isSetter="false">
              <Summary numSequencePoints="4" visitedSequencePoints="4" numBranchPoints="0" visitedBranchPoints="0" sequenceCoverage="100.0" branchCoverage="0" maxCyclomaticComplexity="0" minCyclomaticComplexity="0" maxCrapScore="0" minCrapScore="0" visitedClasses="0" numClasses="0" visitedMethods="1" numMethods="1" />
              <MetadataToken>100663346</MetadataToken>
              <Name>System.Void PetCare.Pet::IncreaseHungry(System.Int32)</Name>
              <FileRef uid="6" />
              <SequencePoints>
                <SequencePoint vc="2" uspid="103" ordinal="0" offset="0" sl="98" sc="9" el="98" ec="9" bec="0" bev="0" fileid="6" />
                <SequencePoint vc="2" uspid="104" ordinal="0" offset="1" sl="99" sc="13" el="99" ec="13" bec="0" bev="0" fileid="6" />
                <SequencePoint vc="2" uspid="105" ordinal="0" offset="20" sl="100" sc="13" el="100" ec="13" bec="0" bev="0" fileid="6" />
                <SequencePoint vc="2" uspid="106" ordinal="0" offset="58" sl="101" sc="9" el="101" ec="9" bec="0" bev="0" fileid="6" />
              </SequencePoints>
              <BranchPoints />
            </Method>
            <Method visited="true" cyclomaticComplexity="0" nPathComplexity="0" sequenceCoverage="100.0" branchCoverage="0" crapScore="0" isConstructor="true" isStatic="false" isGetter="false" isSetter="false">
              <Summary numSequencePoints="2" visitedSequencePoints="2" numBranchPoints="0" visitedBranchPoints="0" sequenceCoverage="100.0" branchCoverage="0" maxCyclomaticComplexity="0" minCyclomaticComplexity="0" maxCrapScore="0" minCrapScore="0" visitedClasses="0" numClasses="0" visitedMethods="1" numMethods="1" />
              <MetadataToken>100663347</MetadataToken>
              <Name>PetCare.Pet::Pet()</Name>
              <FileRef uid="6" />
              <SequencePoints>
                <SequencePoint vc="4" uspid="107" ordinal="0" offset="0" sl="11" sc="9" el="11" ec="9" bec="0" bev="0" fileid="6" />
                <SequencePoint vc="4" uspid="108" ordinal="0" offset="8" sl="15" sc="9" el="15" ec="9" bec="0" bev="0" fileid="6" />
              </SequencePoints>
              <BranchPoints />
            </Method>
          </Methods>
        </Class>
        <Class>
          <Summary numSequencePoints="87" visitedSequencePoints="0" numBranchPoints="0" visitedBranchPoints="0" sequenceCoverage="0.0" branchCoverage="0.0" maxCyclomaticComplexity="0" minCyclomaticComplexity="0" maxCrapScore="0" minCrapScore="0" visitedClasses="0" numClasses="1" visitedMethods="0" numMethods="9" />
          <FullName>PetCare.PetController</FullName>
          <Methods>
            <Method visited="false" cyclomaticComplexity="0" nPathComplexity="0" sequenceCoverage="0.0" branchCoverage="0" crapScore="0" isConstructor="false" isStatic="false" isGetter="false" isSetter="false">
              <Summary numSequencePoints="10" visitedSequencePoints="0" numBranchPoints="0" visitedBranchPoints="0" sequenceCoverage="0.0" branchCoverage="0" maxCyclomaticComplexity="0" minCyclomaticComplexity="0" maxCrapScore="0" minCrapScore="0" visitedClasses="0" numClasses="0" visitedMethods="0" numMethods="1" />
              <MetadataToken>100663352</MetadataToken>
              <Name>System.Void PetCare.PetController::Start()</Name>
              <FileRef uid="7" />
              <SequencePoints>
                <SequencePoint vc="0" uspid="109" ordinal="0" offset="0" sl="28" sc="0" el="28" ec="0" bec="0" bev="0" fileid="7" />
                <SequencePoint vc="0" uspid="110" ordinal="0" offset="1" sl="29" sc="0" el="29" ec="0" bec="0" bev="0" fileid="7" />
                <SequencePoint vc="0" uspid="111" ordinal="0" offset="8" sl="31" sc="0" el="31" ec="0" bec="0" bev="0" fileid="7" />
                <SequencePoint vc="0" uspid="112" ordinal="0" offset="20" sl="32" sc="0" el="32" ec="0" bec="0" bev="0" fileid="7" />
                <SequencePoint vc="0" uspid="113" ordinal="0" offset="21" sl="33" sc="0" el="33" ec="0" bec="0" bev="0" fileid="7" />
                <SequencePoint vc="0" uspid="114" ordinal="0" offset="32" sl="34" sc="0" el="34" ec="0" bec="0" bev="0" fileid="7" />
                <SequencePoint vc="0" uspid="115" ordinal="0" offset="54" sl="35" sc="0" el="35" ec="0" bec="0" bev="0" fileid="7" />
                <SequencePoint vc="0" uspid="116" ordinal="0" offset="55" sl="37" sc="0" el="37" ec="0" bec="0" bev="0" fileid="7" />
                <SequencePoint vc="0" uspid="117" ordinal="0" offset="62" sl="39" sc="0" el="39" ec="0" bec="0" bev="0" fileid="7" />
                <SequencePoint vc="0" uspid="118" ordinal="0" offset="69" sl="40" sc="0" el="40" ec="0" bec="0" bev="0" fileid="7" />
              </SequencePoints>
              <BranchPoints />
            </Method>
            <Method visited="false" cyclomaticComplexity="0" nPathComplexity="0" sequenceCoverage="0.0" branchCoverage="0" crapScore="0" isConstructor="false" isStatic="false" isGetter="false" isSetter="false">
              <Summary numSequencePoints="5" visitedSequencePoints="0" numBranchPoints="0" visitedBranchPoints="0" sequenceCoverage="0.0" branchCoverage="0" maxCyclomaticComplexity="0" minCyclomaticComplexity="0" maxCrapScore="0" minCrapScore="0" visitedClasses="0" numClasses="0" visitedMethods="0" numMethods="1" />
              <MetadataToken>100663353</MetadataToken>
              <Name>System.Void PetCare.PetController::Activate()</Name>
              <FileRef uid="7" />
              <SequencePoints>
                <SequencePoint vc="0" uspid="119" ordinal="0" offset="0" sl="43" sc="0" el="43" ec="0" bec="0" bev="0" fileid="7" />
                <SequencePoint vc="0" uspid="120" ordinal="0" offset="1" sl="44" sc="0" el="44" ec="0" bec="0" bev="0" fileid="7" />
                <SequencePoint vc="0" uspid="121" ordinal="0" offset="33" sl="46" sc="0" el="46" ec="0" bec="0" bev="0" fileid="7" />
                <SequencePoint vc="0" uspid="122" ordinal="0" offset="51" sl="48" sc="0" el="48" ec="0" bec="0" bev="0" fileid="7" />
                <SequencePoint vc="0" uspid="123" ordinal="0" offset="69" sl="49" sc="0" el="49" ec="0" bec="0" bev="0" fileid="7" />
              </SequencePoints>
              <BranchPoints />
            </Method>
            <Method visited="false" cyclomaticComplexity="0" nPathComplexity="0" sequenceCoverage="0.0" branchCoverage="0" crapScore="0" isConstructor="false" isStatic="false" isGetter="false" isSetter="false">
              <Summary numSequencePoints="6" visitedSequencePoints="0" numBranchPoints="0" visitedBranchPoints="0" sequenceCoverage="0.0" branchCoverage="0" maxCyclomaticComplexity="0" minCyclomaticComplexity="0" maxCrapScore="0" minCrapScore="0" visitedClasses="0" numClasses="0" visitedMethods="0" numMethods="1" />
              <MetadataToken>100663354</MetadataToken>
              <Name>System.Void PetCare.PetController::Deactivate()</Name>
              <FileRef uid="7" />
              <SequencePoints>
                <SequencePoint vc="0" uspid="124" ordinal="0" offset="0" sl="52" sc="0" el="52" ec="0" bec="0" bev="0" fileid="7" />
                <SequencePoint vc="0" uspid="125" ordinal="0" offset="1" sl="53" sc="0" el="53" ec="0" bec="0" bev="0" fileid="7" />
                <SequencePoint vc="0" uspid="126" ordinal="0" offset="33" sl="55" sc="0" el="55" ec="0" bec="0" bev="0" fileid="7" />
                <SequencePoint vc="0" uspid="127" ordinal="0" offset="51" sl="57" sc="0" el="57" ec="0" bec="0" bev="0" fileid="7" />
                <SequencePoint vc="0" uspid="128" ordinal="0" offset="69" sl="59" sc="0" el="59" ec="0" bec="0" bev="0" fileid="7" />
                <SequencePoint vc="0" uspid="129" ordinal="0" offset="82" sl="60" sc="0" el="60" ec="0" bec="0" bev="0" fileid="7" />
              </SequencePoints>
              <BranchPoints />
            </Method>
            <Method visited="false" cyclomaticComplexity="0" nPathComplexity="0" sequenceCoverage="0.0" branchCoverage="0" crapScore="0" isConstructor="false" isStatic="false" isGetter="false" isSetter="false">
              <Summary numSequencePoints="3" visitedSequencePoints="0" numBranchPoints="0" visitedBranchPoints="0" sequenceCoverage="0.0" branchCoverage="0" maxCyclomaticComplexity="0" minCyclomaticComplexity="0" maxCrapScore="0" minCrapScore="0" visitedClasses="0" numClasses="0" visitedMethods="0" numMethods="1" />
              <MetadataToken>100663355</MetadataToken>
              <Name>System.Void PetCare.PetController::OnDisable()</Name>
              <FileRef uid="7" />
              <SequencePoints>
                <SequencePoint vc="0" uspid="130" ordinal="0" offset="0" sl="63" sc="0" el="63" ec="0" bec="0" bev="0" fileid="7" />
                <SequencePoint vc="0" uspid="131" ordinal="0" offset="1" sl="64" sc="0" el="64" ec="0" bec="0" bev="0" fileid="7" />
                <SequencePoint vc="0" uspid="132" ordinal="0" offset="8" sl="65" sc="0" el="65" ec="0" bec="0" bev="0" fileid="7" />
              </SequencePoints>
              <BranchPoints />
            </Method>
            <Method visited="false" cyclomaticComplexity="0" nPathComplexity="0" sequenceCoverage="0.0" branchCoverage="0" crapScore="0" isConstructor="false" isStatic="false" isGetter="false" isSetter="false">
              <Summary numSequencePoints="15" visitedSequencePoints="0" numBranchPoints="0" visitedBranchPoints="0" sequenceCoverage="0.0" branchCoverage="0" maxCyclomaticComplexity="0" minCyclomaticComplexity="0" maxCrapScore="0" minCrapScore="0" visitedClasses="0" numClasses="0" visitedMethods="0" numMethods="1" />
              <MetadataToken>100663356</MetadataToken>
              <Name>System.Void PetCare.PetController::InstantiatePet()</Name>
              <FileRef uid="7" />
              <SequencePoints>
                <SequencePoint vc="0" uspid="133" ordinal="0" offset="0" sl="68" sc="0" el="68" ec="0" bec="0" bev="0" fileid="7" />
                <SequencePoint vc="0" uspid="134" ordinal="0" offset="1" sl="69" sc="0" el="69" ec="0" bec="0" bev="0" fileid="7" />
                <SequencePoint vc="0" uspid="135" ordinal="0" offset="12" sl="71" sc="0" el="71" ec="0" bec="0" bev="0" fileid="7" />
                <SequencePoint vc="0" uspid="136" ordinal="0" offset="33" sl="73" sc="0" el="73" ec="0" bec="0" bev="0" fileid="7" />
                <SequencePoint vc="0" uspid="137" ordinal="0" offset="44" sl="74" sc="0" el="74" ec="0" bec="0" bev="0" fileid="7" />
                <SequencePoint vc="0" uspid="138" ordinal="0" offset="45" sl="75" sc="0" el="75" ec="0" bec="0" bev="0" fileid="7" />
                <SequencePoint vc="0" uspid="139" ordinal="0" offset="56" sl="77" sc="0" el="77" ec="0" bec="0" bev="0" fileid="7" />
                <SequencePoint vc="0" uspid="140" ordinal="0" offset="73" sl="79" sc="0" el="79" ec="0" bec="0" bev="0" fileid="7" />
                <SequencePoint vc="0" uspid="141" ordinal="0" offset="79" sl="81" sc="0" el="81" ec="0" bec="0" bev="0" fileid="7" />
                <SequencePoint vc="0" uspid="142" ordinal="0" offset="90" sl="83" sc="0" el="83" ec="0" bec="0" bev="0" fileid="7" />
                <SequencePoint vc="0" uspid="143" ordinal="0" offset="106" sl="84" sc="0" el="84" ec="0" bec="0" bev="0" fileid="7" />
                <SequencePoint vc="0" uspid="144" ordinal="0" offset="107" sl="85" sc="0" el="85" ec="0" bec="0" bev="0" fileid="7" />
                <SequencePoint vc="0" uspid="145" ordinal="0" offset="120" sl="86" sc="0" el="86" ec="0" bec="0" bev="0" fileid="7" />
                <SequencePoint vc="0" uspid="146" ordinal="0" offset="121" sl="87" sc="0" el="87" ec="0" bec="0" bev="0" fileid="7" />
                <SequencePoint vc="0" uspid="147" ordinal="0" offset="122" sl="88" sc="0" el="88" ec="0" bec="0" bev="0" fileid="7" />
              </SequencePoints>
              <BranchPoints />
            </Method>
            <Method visited="false" cyclomaticComplexity="0" nPathComplexity="0" sequenceCoverage="0.0" branchCoverage="0" crapScore="0" isConstructor="false" isStatic="false" isGetter="false" isSetter="false">
              <Summary numSequencePoints="9" visitedSequencePoints="0" numBranchPoints="0" visitedBranchPoints="0" sequenceCoverage="0.0" branchCoverage="0" maxCyclomaticComplexity="0" minCyclomaticComplexity="0" maxCrapScore="0" minCrapScore="0" visitedClasses="0" numClasses="0" visitedMethods="0" numMethods="1" />
              <MetadataToken>100663357</MetadataToken>
              <Name>System.Void PetCare.PetController::DecreaseStatus()</Name>
              <FileRef uid="7" />
              <SequencePoints>
                <SequencePoint vc="0" uspid="148" ordinal="0" offset="0" sl="91" sc="0" el="91" ec="0" bec="0" bev="0" fileid="7" />
                <SequencePoint vc="0" uspid="149" ordinal="0" offset="1" sl="92" sc="0" el="92" ec="0" bec="0" bev="0" fileid="7" />
                <SequencePoint vc="0" uspid="150" ordinal="0" offset="13" sl="94" sc="0" el="94" ec="0" bec="0" bev="0" fileid="7" />
                <SequencePoint vc="0" uspid="151" ordinal="0" offset="25" sl="96" sc="0" el="96" ec="0" bec="0" bev="0" fileid="7" />
                <SequencePoint vc="0" uspid="152" ordinal="0" offset="37" sl="97" sc="0" el="97" ec="0" bec="0" bev="0" fileid="7" />
                <SequencePoint vc="0" uspid="153" ordinal="0" offset="38" sl="98" sc="0" el="98" ec="0" bec="0" bev="0" fileid="7" />
                <SequencePoint vc="0" uspid="154" ordinal="0" offset="60" sl="99" sc="0" el="99" ec="0" bec="0" bev="0" fileid="7" />
                <SequencePoint vc="0" uspid="155" ordinal="0" offset="61" sl="101" sc="0" el="101" ec="0" bec="0" bev="0" fileid="7" />
                <SequencePoint vc="0" uspid="156" ordinal="0" offset="68" sl="102" sc="0" el="102" ec="0" bec="0" bev="0" fileid="7" />
              </SequencePoints>
              <BranchPoints />
            </Method>
            <Method visited="false" cyclomaticComplexity="0" nPathComplexity="0" sequenceCoverage="0.0" branchCoverage="0" crapScore="0" isConstructor="false" isStatic="false" isGetter="false" isSetter="false">
              <Summary numSequencePoints="13" visitedSequencePoints="0" numBranchPoints="0" visitedBranchPoints="0" sequenceCoverage="0.0" branchCoverage="0" maxCyclomaticComplexity="0" minCyclomaticComplexity="0" maxCrapScore="0" minCrapScore="0" visitedClasses="0" numClasses="0" visitedMethods="0" numMethods="1" />
              <MetadataToken>100663358</MetadataToken>
              <Name>System.Void PetCare.PetController::IncreaseHungry(System.Int32)</Name>
              <FileRef uid="7" />
              <SequencePoints>
                <SequencePoint vc="0" uspid="157" ordinal="0" offset="0" sl="105" sc="0" el="105" ec="0" bec="0" bev="0" fileid="7" />
                <SequencePoint vc="0" uspid="158" ordinal="0" offset="1" sl="106" sc="0" el="106" ec="0" bec="0" bev="0" fileid="7" />
                <SequencePoint vc="0" uspid="159" ordinal="0" offset="12" sl="107" sc="0" el="107" ec="0" bec="0" bev="0" fileid="7" />
                <SequencePoint vc="0" uspid="160" ordinal="0" offset="22" sl="108" sc="0" el="108" ec="0" bec="0" bev="0" fileid="7" />
                <SequencePoint vc="0" uspid="161" ordinal="0" offset="23" sl="109" sc="0" el="109" ec="0" bec="0" bev="0" fileid="7" />
                <SequencePoint vc="0" uspid="162" ordinal="0" offset="36" sl="111" sc="0" el="111" ec="0" bec="0" bev="0" fileid="7" />
                <SequencePoint vc="0" uspid="163" ordinal="0" offset="47" sl="113" sc="0" el="113" ec="0" bec="0" bev="0" fileid="7" />
                <SequencePoint vc="0" uspid="164" ordinal="0" offset="54" sl="115" sc="0" el="115" ec="0" bec="0" bev="0" fileid="7" />
                <SequencePoint vc="0" uspid="165" ordinal="0" offset="66" sl="116" sc="0" el="116" ec="0" bec="0" bev="0" fileid="7" />
                <SequencePoint vc="0" uspid="166" ordinal="0" offset="67" sl="117" sc="0" el="117" ec="0" bec="0" bev="0" fileid="7" />
                <SequencePoint vc="0" uspid="167" ordinal="0" offset="89" sl="118" sc="0" el="118" ec="0" bec="0" bev="0" fileid="7" />
                <SequencePoint vc="0" uspid="168" ordinal="0" offset="90" sl="119" sc="0" el="119" ec="0" bec="0" bev="0" fileid="7" />
                <SequencePoint vc="0" uspid="169" ordinal="0" offset="91" sl="120" sc="0" el="120" ec="0" bec="0" bev="0" fileid="7" />
              </SequencePoints>
              <BranchPoints />
            </Method>
            <Method visited="false" cyclomaticComplexity="0" nPathComplexity="0" sequenceCoverage="0.0" branchCoverage="0" crapScore="0" isConstructor="false" isStatic="false" isGetter="false" isSetter="false">
              <Summary numSequencePoints="15" visitedSequencePoints="0" numBranchPoints="0" visitedBranchPoints="0" sequenceCoverage="0.0" branchCoverage="0" maxCyclomaticComplexity="0" minCyclomaticComplexity="0" maxCrapScore="0" minCrapScore="0" visitedClasses="0" numClasses="0" visitedMethods="0" numMethods="1" />
              <MetadataToken>100663359</MetadataToken>
              <Name>System.Boolean PetCare.PetController::CheckCanConsumeItem()</Name>
              <FileRef uid="7" />
              <SequencePoints>
                <SequencePoint vc="0" uspid="170" ordinal="0" offset="0" sl="123" sc="0" el="123" ec="0" bec="0" bev="0" fileid="7" />
                <SequencePoint vc="0" uspid="171" ordinal="0" offset="1" sl="124" sc="0" el="124" ec="0" bec="0" bev="0" fileid="7" />
                <SequencePoint vc="0" uspid="172" ordinal="0" offset="12" sl="125" sc="0" el="125" ec="0" bec="0" bev="0" fileid="7" />
                <SequencePoint vc="0" uspid="173" ordinal="0" offset="14" sl="127" sc="0" el="127" ec="0" bec="0" bev="0" fileid="7" />
                <SequencePoint vc="0" uspid="174" ordinal="0" offset="52" sl="128" sc="0" el="128" ec="0" bec="0" bev="0" fileid="7" />
                <SequencePoint vc="0" uspid="175" ordinal="0" offset="53" sl="129" sc="0" el="129" ec="0" bec="0" bev="0" fileid="7" />
                <SequencePoint vc="0" uspid="176" ordinal="0" offset="64" sl="130" sc="0" el="130" ec="0" bec="0" bev="0" fileid="7" />
                <SequencePoint vc="0" uspid="177" ordinal="0" offset="66" sl="131" sc="0" el="131" ec="0" bec="0" bev="0" fileid="7" />
                <SequencePoint vc="0" uspid="178" ordinal="0" offset="67" sl="133" sc="0" el="133" ec="0" bec="0" bev="0" fileid="7" />
                <SequencePoint vc="0" uspid="179" ordinal="0" offset="79" sl="134" sc="0" el="134" ec="0" bec="0" bev="0" fileid="7" />
                <SequencePoint vc="0" uspid="180" ordinal="0" offset="80" sl="135" sc="0" el="135" ec="0" bec="0" bev="0" fileid="7" />
                <SequencePoint vc="0" uspid="181" ordinal="0" offset="91" sl="136" sc="0" el="136" ec="0" bec="0" bev="0" fileid="7" />
                <SequencePoint vc="0" uspid="182" ordinal="0" offset="103" sl="137" sc="0" el="137" ec="0" bec="0" bev="0" fileid="7" />
                <SequencePoint vc="0" uspid="183" ordinal="0" offset="104" sl="139" sc="0" el="139" ec="0" bec="0" bev="0" fileid="7" />
                <SequencePoint vc="0" uspid="184" ordinal="0" offset="108" sl="140" sc="0" el="140" ec="0" bec="0" bev="0" fileid="7" />
              </SequencePoints>
              <BranchPoints />
            </Method>
            <Method visited="false" cyclomaticComplexity="0" nPathComplexity="0" sequenceCoverage="0.0" branchCoverage="0" crapScore="0" isConstructor="false" isStatic="false" isGetter="false" isSetter="false">
              <Summary numSequencePoints="11" visitedSequencePoints="0" numBranchPoints="0" visitedBranchPoints="0" sequenceCoverage="0.0" branchCoverage="0" maxCyclomaticComplexity="0" minCyclomaticComplexity="0" maxCrapScore="0" minCrapScore="0" visitedClasses="0" numClasses="0" visitedMethods="0" numMethods="1" />
              <MetadataToken>100663360</MetadataToken>
              <Name>System.Void PetCare.PetController::RotatePet(System.Boolean)</Name>
              <FileRef uid="7" />
              <SequencePoints>
                <SequencePoint vc="0" uspid="185" ordinal="0" offset="0" sl="143" sc="0" el="143" ec="0" bec="0" bev="0" fileid="7" />
                <SequencePoint vc="0" uspid="186" ordinal="0" offset="1" sl="144" sc="0" el="144" ec="0" bec="0" bev="0" fileid="7" />
                <SequencePoint vc="0" uspid="187" ordinal="0" offset="6" sl="145" sc="0" el="145" ec="0" bec="0" bev="0" fileid="7" />
                <SequencePoint vc="0" uspid="188" ordinal="0" offset="7" sl="146" sc="0" el="146" ec="0" bec="0" bev="0" fileid="7" />
                <SequencePoint vc="0" uspid="189" ordinal="0" offset="51" sl="147" sc="0" el="147" ec="0" bec="0" bev="0" fileid="7" />
                <SequencePoint vc="0" uspid="190" ordinal="0" offset="62" sl="148" sc="0" el="148" ec="0" bec="0" bev="0" fileid="7" />
                <SequencePoint vc="0" uspid="191" ordinal="0" offset="65" sl="150" sc="0" el="150" ec="0" bec="0" bev="0" fileid="7" />
                <SequencePoint vc="0" uspid="192" ordinal="0" offset="66" sl="151" sc="0" el="151" ec="0" bec="0" bev="0" fileid="7" />
                <SequencePoint vc="0" uspid="193" ordinal="0" offset="77" sl="152" sc="0" el="152" ec="0" bec="0" bev="0" fileid="7" />
                <SequencePoint vc="0" uspid="194" ordinal="0" offset="116" sl="153" sc="0" el="153" ec="0" bec="0" bev="0" fileid="7" />
                <SequencePoint vc="0" uspid="195" ordinal="0" offset="117" sl="154" sc="0" el="154" ec="0" bec="0" bev="0" fileid="7" />
              </SequencePoints>
              <BranchPoints />
            </Method>
          </Methods>
        </Class>
        <Class>
          <Summary numSequencePoints="122" visitedSequencePoints="0" numBranchPoints="0" visitedBranchPoints="0" sequenceCoverage="0.0" branchCoverage="0.0" maxCyclomaticComplexity="0" minCyclomaticComplexity="0" maxCrapScore="0" minCrapScore="0" visitedClasses="0" numClasses="1" visitedMethods="0" numMethods="12" />
          <FullName>PetCare.BasketController</FullName>
          <Methods>
            <Method visited="false" cyclomaticComplexity="0" nPathComplexity="0" sequenceCoverage="0.0" branchCoverage="0" crapScore="0" isConstructor="false" isStatic="false" isGetter="false" isSetter="false">
              <Summary numSequencePoints="3" visitedSequencePoints="0" numBranchPoints="0" visitedBranchPoints="0" sequenceCoverage="0.0" branchCoverage="0" maxCyclomaticComplexity="0" minCyclomaticComplexity="0" maxCrapScore="0" minCrapScore="0" visitedClasses="0" numClasses="0" visitedMethods="0" numMethods="1" />
              <MetadataToken>100663367</MetadataToken>
              <Name>System.Void PetCare.BasketController::Start()</Name>
              <FileRef uid="8" />
              <SequencePoints>
                <SequencePoint vc="0" uspid="196" ordinal="0" offset="0" sl="44" sc="0" el="44" ec="0" bec="0" bev="0" fileid="8" />
                <SequencePoint vc="0" uspid="197" ordinal="0" offset="1" sl="45" sc="0" el="45" ec="0" bec="0" bev="0" fileid="8" />
                <SequencePoint vc="0" uspid="198" ordinal="0" offset="26" sl="46" sc="0" el="46" ec="0" bec="0" bev="0" fileid="8" />
              </SequencePoints>
              <BranchPoints />
            </Method>
            <Method visited="false" cyclomaticComplexity="0" nPathComplexity="0" sequenceCoverage="0.0" branchCoverage="0" crapScore="0" isConstructor="false" isStatic="false" isGetter="false" isSetter="false">
              <Summary numSequencePoints="20" visitedSequencePoints="0" numBranchPoints="0" visitedBranchPoints="0" sequenceCoverage="0.0" branchCoverage="0" maxCyclomaticComplexity="0" minCyclomaticComplexity="0" maxCrapScore="0" minCrapScore="0" visitedClasses="0" numClasses="0" visitedMethods="0" numMethods="1" />
              <MetadataToken>100663368</MetadataToken>
              <Name>System.Void PetCare.BasketController::Update()</Name>
              <FileRef uid="8" />
              <SequencePoints>
                <SequencePoint vc="0" uspid="199" ordinal="0" offset="0" sl="49" sc="0" el="49" ec="0" bec="0" bev="0" fileid="8" />
                <SequencePoint vc="0" uspid="200" ordinal="0" offset="1" sl="50" sc="0" el="50" ec="0" bec="0" bev="0" fileid="8" />
                <SequencePoint vc="0" uspid="201" ordinal="0" offset="22" sl="52" sc="0" el="52" ec="0" bec="0" bev="0" fileid="8" />
                <SequencePoint vc="0" uspid="202" ordinal="0" offset="57" sl="53" sc="0" el="53" ec="0" bec="0" bev="0" fileid="8" />
                <SequencePoint vc="0" uspid="203" ordinal="0" offset="58" sl="54" sc="0" el="54" ec="0" bec="0" bev="0" fileid="8" />
                <SequencePoint vc="0" uspid="204" ordinal="0" offset="71" sl="55" sc="0" el="55" ec="0" bec="0" bev="0" fileid="8" />
                <SequencePoint vc="0" uspid="205" ordinal="0" offset="72" sl="56" sc="0" el="56" ec="0" bec="0" bev="0" fileid="8" />
                <SequencePoint vc="0" uspid="206" ordinal="0" offset="93" sl="57" sc="0" el="57" ec="0" bec="0" bev="0" fileid="8" />
                <SequencePoint vc="0" uspid="207" ordinal="0" offset="94" sl="58" sc="0" el="58" ec="0" bec="0" bev="0" fileid="8" />
                <SequencePoint vc="0" uspid="208" ordinal="0" offset="116" sl="59" sc="0" el="59" ec="0" bec="0" bev="0" fileid="8" />
                <SequencePoint vc="0" uspid="209" ordinal="0" offset="164" sl="61" sc="0" el="61" ec="0" bec="0" bev="0" fileid="8" />
                <SequencePoint vc="0" uspid="210" ordinal="0" offset="181" sl="63" sc="0" el="63" ec="0" bec="0" bev="0" fileid="8" />
                <SequencePoint vc="0" uspid="211" ordinal="0" offset="194" sl="64" sc="0" el="64" ec="0" bec="0" bev="0" fileid="8" />
                <SequencePoint vc="0" uspid="212" ordinal="0" offset="195" sl="65" sc="0" el="65" ec="0" bec="0" bev="0" fileid="8" />
                <SequencePoint vc="0" uspid="213" ordinal="0" offset="206" sl="66" sc="0" el="66" ec="0" bec="0" bev="0" fileid="8" />
                <SequencePoint vc="0" uspid="214" ordinal="0" offset="214" sl="67" sc="0" el="67" ec="0" bec="0" bev="0" fileid="8" />
                <SequencePoint vc="0" uspid="215" ordinal="0" offset="215" sl="68" sc="0" el="68" ec="0" bec="0" bev="0" fileid="8" />
                <SequencePoint vc="0" uspid="216" ordinal="0" offset="216" sl="69" sc="0" el="69" ec="0" bec="0" bev="0" fileid="8" />
                <SequencePoint vc="0" uspid="217" ordinal="0" offset="217" sl="70" sc="0" el="70" ec="0" bec="0" bev="0" fileid="8" />
                <SequencePoint vc="0" uspid="218" ordinal="0" offset="218" sl="71" sc="0" el="71" ec="0" bec="0" bev="0" fileid="8" />
              </SequencePoints>
              <BranchPoints />
            </Method>
            <Method visited="false" cyclomaticComplexity="0" nPathComplexity="0" sequenceCoverage="0.0" branchCoverage="0" crapScore="0" isConstructor="false" isStatic="false" isGetter="false" isSetter="false">
              <Summary numSequencePoints="18" visitedSequencePoints="0" numBranchPoints="0" visitedBranchPoints="0" sequenceCoverage="0.0" branchCoverage="0" maxCyclomaticComplexity="0" minCyclomaticComplexity="0" maxCrapScore="0" minCrapScore="0" visitedClasses="0" numClasses="0" visitedMethods="0" numMethods="1" />
              <MetadataToken>100663369</MetadataToken>
              <Name>System.Void PetCare.BasketController::InitiateBasketData(System.Collections.Generic.List[ItemData])</Name>
              <FileRef uid="8" />
              <SequencePoints>
                <SequencePoint vc="0" uspid="219" ordinal="0" offset="13" sl="74" sc="0" el="74" ec="0" bec="0" bev="0" fileid="8" />
                <SequencePoint vc="0" uspid="220" ordinal="0" offset="14" sl="75" sc="0" el="75" ec="0" bec="0" bev="0" fileid="8" />
                <SequencePoint vc="0" uspid="221" ordinal="0" offset="25" sl="78" sc="0" el="78" ec="0" bec="0" bev="0" fileid="8" />
                <SequencePoint vc="0" uspid="222" ordinal="0" offset="55" sl="80" sc="0" el="80" ec="0" bec="0" bev="0" fileid="8" />
                <SequencePoint vc="0" uspid="223" ordinal="0" offset="64" sl="81" sc="0" el="81" ec="0" bec="0" bev="0" fileid="8" />
                <SequencePoint vc="0" uspid="224" ordinal="0" offset="65" sl="82" sc="0" el="82" ec="0" bec="0" bev="0" fileid="8" />
                <SequencePoint vc="0" uspid="225" ordinal="0" offset="89" sl="84" sc="0" el="84" ec="0" bec="0" bev="0" fileid="8" />
                <SequencePoint vc="0" uspid="226" ordinal="0" offset="100" sl="85" sc="0" el="85" ec="0" bec="0" bev="0" fileid="8" />
                <SequencePoint vc="0" uspid="227" ordinal="0" offset="101" sl="86" sc="0" el="86" ec="0" bec="0" bev="0" fileid="8" />
                <SequencePoint vc="0" uspid="228" ordinal="0" offset="141" sl="87" sc="0" el="87" ec="0" bec="0" bev="0" fileid="8" />
                <SequencePoint vc="0" uspid="229" ordinal="0" offset="142" sl="88" sc="0" el="88" ec="0" bec="0" bev="0" fileid="8" />
                <SequencePoint vc="0" uspid="230" ordinal="0" offset="143" sl="80" sc="0" el="80" ec="0" bec="0" bev="0" fileid="8" />
                <SequencePoint vc="0" uspid="231" ordinal="0" offset="161" sl="80" sc="0" el="80" ec="0" bec="0" bev="0" fileid="8" />
                <SequencePoint vc="0" uspid="232" ordinal="0" offset="191" sl="90" sc="0" el="90" ec="0" bec="0" bev="0" fileid="8" />
                <SequencePoint vc="0" uspid="233" ordinal="0" offset="205" sl="91" sc="0" el="91" ec="0" bec="0" bev="0" fileid="8" />
                <SequencePoint vc="0" uspid="234" ordinal="0" offset="206" sl="92" sc="0" el="92" ec="0" bec="0" bev="0" fileid="8" />
                <SequencePoint vc="0" uspid="235" ordinal="0" offset="223" sl="93" sc="0" el="93" ec="0" bec="0" bev="0" fileid="8" />
                <SequencePoint vc="0" uspid="236" ordinal="0" offset="224" sl="94" sc="0" el="94" ec="0" bec="0" bev="0" fileid="8" />
              </SequencePoints>
              <BranchPoints />
            </Method>
            <Method visited="false" cyclomaticComplexity="0" nPathComplexity="0" sequenceCoverage="0.0" branchCoverage="0" crapScore="0" isConstructor="false" isStatic="false" isGetter="false" isSetter="false">
              <Summary numSequencePoints="30" visitedSequencePoints="0" numBranchPoints="0" visitedBranchPoints="0" sequenceCoverage="0.0" branchCoverage="0" maxCyclomaticComplexity="0" minCyclomaticComplexity="0" maxCrapScore="0" minCrapScore="0" visitedClasses="0" numClasses="0" visitedMethods="0" numMethods="1" />
              <MetadataToken>100663370</MetadataToken>
              <Name>System.Void PetCare.BasketController::UpdateItemQuantity(PetCare.Candy)</Name>
              <FileRef uid="8" />
              <SequencePoints>
                <SequencePoint vc="0" uspid="237" ordinal="0" offset="0" sl="97" sc="0" el="97" ec="0" bec="0" bev="0" fileid="8" />
                <SequencePoint vc="0" uspid="238" ordinal="0" offset="1" sl="98" sc="0" el="98" ec="0" bec="0" bev="0" fileid="8" />
                <SequencePoint vc="0" uspid="239" ordinal="0" offset="27" sl="100" sc="0" el="100" ec="0" bec="0" bev="0" fileid="8" />
                <SequencePoint vc="0" uspid="240" ordinal="0" offset="28" sl="100" sc="0" el="100" ec="0" bec="0" bev="0" fileid="8" />
                <SequencePoint vc="0" uspid="241" ordinal="0" offset="45" sl="100" sc="0" el="100" ec="0" bec="0" bev="0" fileid="8" />
                <SequencePoint vc="0" uspid="242" ordinal="0" offset="53" sl="101" sc="0" el="101" ec="0" bec="0" bev="0" fileid="8" />
                <SequencePoint vc="0" uspid="243" ordinal="0" offset="54" sl="102" sc="0" el="102" ec="0" bec="0" bev="0" fileid="8" />
                <SequencePoint vc="0" uspid="244" ordinal="0" offset="75" sl="103" sc="0" el="103" ec="0" bec="0" bev="0" fileid="8" />
                <SequencePoint vc="0" uspid="245" ordinal="0" offset="76" sl="104" sc="0" el="104" ec="0" bec="0" bev="0" fileid="8" />
                <SequencePoint vc="0" uspid="246" ordinal="0" offset="100" sl="105" sc="0" el="105" ec="0" bec="0" bev="0" fileid="8" />
                <SequencePoint vc="0" uspid="247" ordinal="0" offset="101" sl="106" sc="0" el="106" ec="0" bec="0" bev="0" fileid="8" />
                <SequencePoint vc="0" uspid="248" ordinal="0" offset="112" sl="107" sc="0" el="107" ec="0" bec="0" bev="0" fileid="8" />
                <SequencePoint vc="0" uspid="249" ordinal="0" offset="127" sl="109" sc="0" el="109" ec="0" bec="0" bev="0" fileid="8" />
                <SequencePoint vc="0" uspid="250" ordinal="0" offset="142" sl="110" sc="0" el="110" ec="0" bec="0" bev="0" fileid="8" />
                <SequencePoint vc="0" uspid="251" ordinal="0" offset="143" sl="111" sc="0" el="111" ec="0" bec="0" bev="0" fileid="8" />
                <SequencePoint vc="0" uspid="252" ordinal="0" offset="151" sl="112" sc="0" el="112" ec="0" bec="0" bev="0" fileid="8" />
                <SequencePoint vc="0" uspid="253" ordinal="0" offset="152" sl="114" sc="0" el="114" ec="0" bec="0" bev="0" fileid="8" />
                <SequencePoint vc="0" uspid="254" ordinal="0" offset="166" sl="115" sc="0" el="115" ec="0" bec="0" bev="0" fileid="8" />
                <SequencePoint vc="0" uspid="255" ordinal="0" offset="167" sl="116" sc="0" el="116" ec="0" bec="0" bev="0" fileid="8" />
                <SequencePoint vc="0" uspid="256" ordinal="0" offset="184" sl="117" sc="0" el="117" ec="0" bec="0" bev="0" fileid="8" />
                <SequencePoint vc="0" uspid="257" ordinal="0" offset="185" sl="120" sc="0" el="120" ec="0" bec="0" bev="0" fileid="8" />
                <SequencePoint vc="0" uspid="258" ordinal="0" offset="199" sl="121" sc="0" el="121" ec="0" bec="0" bev="0" fileid="8" />
                <SequencePoint vc="0" uspid="259" ordinal="0" offset="200" sl="122" sc="0" el="122" ec="0" bec="0" bev="0" fileid="8" />
                <SequencePoint vc="0" uspid="260" ordinal="0" offset="211" sl="123" sc="0" el="123" ec="0" bec="0" bev="0" fileid="8" />
                <SequencePoint vc="0" uspid="261" ordinal="0" offset="228" sl="124" sc="0" el="124" ec="0" bec="0" bev="0" fileid="8" />
                <SequencePoint vc="0" uspid="262" ordinal="0" offset="229" sl="125" sc="0" el="125" ec="0" bec="0" bev="0" fileid="8" />
                <SequencePoint vc="0" uspid="263" ordinal="0" offset="230" sl="126" sc="0" el="126" ec="0" bec="0" bev="0" fileid="8" />
                <SequencePoint vc="0" uspid="264" ordinal="0" offset="231" sl="127" sc="0" el="127" ec="0" bec="0" bev="0" fileid="8" />
                <SequencePoint vc="0" uspid="265" ordinal="0" offset="232" sl="100" sc="0" el="100" ec="0" bec="0" bev="0" fileid="8" />
                <SequencePoint vc="0" uspid="266" ordinal="0" offset="261" sl="128" sc="0" el="128" ec="0" bec="0" bev="0" fileid="8" />
              </SequencePoints>
              <BranchPoints />
            </Method>
            <Method visited="false" cyclomaticComplexity="0" nPathComplexity="0" sequenceCoverage="0.0" branchCoverage="0" crapScore="0" isConstructor="false" isStatic="false" isGetter="false" isSetter="false">
              <Summary numSequencePoints="3" visitedSequencePoints="0" numBranchPoints="0" visitedBranchPoints="0" sequenceCoverage="0.0" branchCoverage="0" maxCyclomaticComplexity="0" minCyclomaticComplexity="0" maxCrapScore="0" minCrapScore="0" visitedClasses="0" numClasses="0" visitedMethods="0" numMethods="1" />
              <MetadataToken>100663371</MetadataToken>
              <Name>System.Void PetCare.BasketController::Activate()</Name>
              <FileRef uid="8" />
              <SequencePoints>
                <SequencePoint vc="0" uspid="267" ordinal="0" offset="0" sl="143" sc="0" el="143" ec="0" bec="0" bev="0" fileid="8" />
                <SequencePoint vc="0" uspid="268" ordinal="0" offset="1" sl="144" sc="0" el="144" ec="0" bec="0" bev="0" fileid="8" />
                <SequencePoint vc="0" uspid="269" ordinal="0" offset="14" sl="145" sc="0" el="145" ec="0" bec="0" bev="0" fileid="8" />
              </SequencePoints>
              <BranchPoints />
            </Method>
            <Method visited="false" cyclomaticComplexity="0" nPathComplexity="0" sequenceCoverage="0.0" branchCoverage="0" crapScore="0" isConstructor="false" isStatic="false" isGetter="false" isSetter="false">
              <Summary numSequencePoints="6" visitedSequencePoints="0" numBranchPoints="0" visitedBranchPoints="0" sequenceCoverage="0.0" branchCoverage="0" maxCyclomaticComplexity="0" minCyclomaticComplexity="0" maxCrapScore="0" minCrapScore="0" visitedClasses="0" numClasses="0" visitedMethods="0" numMethods="1" />
              <MetadataToken>100663372</MetadataToken>
              <Name>System.Void PetCare.BasketController::Enable(System.Collections.Generic.List[ItemData])</Name>
              <FileRef uid="8" />
              <SequencePoints>
                <SequencePoint vc="0" uspid="270" ordinal="0" offset="0" sl="148" sc="0" el="148" ec="0" bec="0" bev="0" fileid="8" />
                <SequencePoint vc="0" uspid="271" ordinal="0" offset="1" sl="149" sc="0" el="149" ec="0" bec="0" bev="0" fileid="8" />
                <SequencePoint vc="0" uspid="272" ordinal="0" offset="8" sl="150" sc="0" el="150" ec="0" bec="0" bev="0" fileid="8" />
                <SequencePoint vc="0" uspid="273" ordinal="0" offset="16" sl="151" sc="0" el="151" ec="0" bec="0" bev="0" fileid="8" />
                <SequencePoint vc="0" uspid="274" ordinal="0" offset="23" sl="153" sc="0" el="153" ec="0" bec="0" bev="0" fileid="8" />
                <SequencePoint vc="0" uspid="275" ordinal="0" offset="30" sl="154" sc="0" el="154" ec="0" bec="0" bev="0" fileid="8" />
              </SequencePoints>
              <BranchPoints />
            </Method>
            <Method visited="false" cyclomaticComplexity="0" nPathComplexity="0" sequenceCoverage="0.0" branchCoverage="0" crapScore="0" isConstructor="false" isStatic="false" isGetter="false" isSetter="false">
              <Summary numSequencePoints="3" visitedSequencePoints="0" numBranchPoints="0" visitedBranchPoints="0" sequenceCoverage="0.0" branchCoverage="0" maxCyclomaticComplexity="0" minCyclomaticComplexity="0" maxCrapScore="0" minCrapScore="0" visitedClasses="0" numClasses="0" visitedMethods="0" numMethods="1" />
              <MetadataToken>100663373</MetadataToken>
              <Name>System.Void PetCare.BasketController::OnDisable()</Name>
              <FileRef uid="8" />
              <SequencePoints>
                <SequencePoint vc="0" uspid="276" ordinal="0" offset="0" sl="156" sc="0" el="156" ec="0" bec="0" bev="0" fileid="8" />
                <SequencePoint vc="0" uspid="277" ordinal="0" offset="1" sl="157" sc="0" el="157" ec="0" bec="0" bev="0" fileid="8" />
                <SequencePoint vc="0" uspid="278" ordinal="0" offset="8" sl="160" sc="0" el="160" ec="0" bec="0" bev="0" fileid="8" />
              </SequencePoints>
              <BranchPoints />
            </Method>
            <Method visited="false" cyclomaticComplexity="0" nPathComplexity="0" sequenceCoverage="0.0" branchCoverage="0" crapScore="0" isConstructor="false" isStatic="false" isGetter="false" isSetter="false">
              <Summary numSequencePoints="3" visitedSequencePoints="0" numBranchPoints="0" visitedBranchPoints="0" sequenceCoverage="0.0" branchCoverage="0" maxCyclomaticComplexity="0" minCyclomaticComplexity="0" maxCrapScore="0" minCrapScore="0" visitedClasses="0" numClasses="0" visitedMethods="0" numMethods="1" />
              <MetadataToken>100663374</MetadataToken>
              <Name>System.Void PetCare.BasketController::Disable()</Name>
              <FileRef uid="8" />
              <SequencePoints>
                <SequencePoint vc="0" uspid="279" ordinal="0" offset="0" sl="163" sc="0" el="163" ec="0" bec="0" bev="0" fileid="8" />
                <SequencePoint vc="0" uspid="280" ordinal="0" offset="1" sl="164" sc="0" el="164" ec="0" bec="0" bev="0" fileid="8" />
                <SequencePoint vc="0" uspid="281" ordinal="0" offset="8" sl="167" sc="0" el="167" ec="0" bec="0" bev="0" fileid="8" />
              </SequencePoints>
              <BranchPoints />
            </Method>
            <Method visited="false" cyclomaticComplexity="0" nPathComplexity="0" sequenceCoverage="0.0" branchCoverage="0" crapScore="0" isConstructor="false" isStatic="false" isGetter="false" isSetter="false">
              <Summary numSequencePoints="4" visitedSequencePoints="0" numBranchPoints="0" visitedBranchPoints="0" sequenceCoverage="0.0" branchCoverage="0" maxCyclomaticComplexity="0" minCyclomaticComplexity="0" maxCrapScore="0" minCrapScore="0" visitedClasses="0" numClasses="0" visitedMethods="0" numMethods="1" />
              <MetadataToken>100663375</MetadataToken>
              <Name>System.Void PetCare.BasketController::Deactivate()</Name>
              <FileRef uid="8" />
              <SequencePoints>
                <SequencePoint vc="0" uspid="282" ordinal="0" offset="0" sl="170" sc="0" el="170" ec="0" bec="0" bev="0" fileid="8" />
                <SequencePoint vc="0" uspid="283" ordinal="0" offset="1" sl="171" sc="0" el="171" ec="0" bec="0" bev="0" fileid="8" />
                <SequencePoint vc="0" uspid="284" ordinal="0" offset="8" sl="173" sc="0" el="173" ec="0" bec="0" bev="0" fileid="8" />
                <SequencePoint vc="0" uspid="285" ordinal="0" offset="21" sl="174" sc="0" el="174" ec="0" bec="0" bev="0" fileid="8" />
              </SequencePoints>
              <BranchPoints />
            </Method>
[...]
                <SequencePoint vc="0" uspid="475" ordinal="0" offset="1" sl="88" sc="0" el="88" ec="0" bec="0" bev="0" fileid="13" />
                <SequencePoint vc="0" uspid="476" ordinal="0" offset="13" sl="90" sc="0" el="90" ec="0" bec="0" bev="0" fileid="13" />
                <SequencePoint vc="0" uspid="477" ordinal="0" offset="24" sl="92" sc="0" el="92" ec="0" bec="0" bev="0" fileid="13" />
                <SequencePoint vc="0" uspid="478" ordinal="0" offset="32" sl="93" sc="0" el="93" ec="0" bec="0" bev="0" fileid="13" />
                <SequencePoint vc="0" uspid="479" ordinal="0" offset="33" sl="94" sc="0" el="94" ec="0" bec="0" bev="0" fileid="13" />
                <SequencePoint vc="0" uspid="480" ordinal="0" offset="34" sl="94" sc="0" el="94" ec="0" bec="0" bev="0" fileid="13" />
                <SequencePoint vc="0" uspid="481" ordinal="0" offset="40" sl="94" sc="0" el="94" ec="0" bec="0" bev="0" fileid="13" />
                <SequencePoint vc="0" uspid="482" ordinal="0" offset="45" sl="95" sc="0" el="95" ec="0" bec="0" bev="0" fileid="13" />
                <SequencePoint vc="0" uspid="483" ordinal="0" offset="46" sl="96" sc="0" el="96" ec="0" bec="0" bev="0" fileid="13" />
                <SequencePoint vc="0" uspid="484" ordinal="0" offset="69" sl="97" sc="0" el="97" ec="0" bec="0" bev="0" fileid="13" />
                <SequencePoint vc="0" uspid="485" ordinal="0" offset="70" sl="98" sc="0" el="98" ec="0" bec="0" bev="0" fileid="13" />
                <SequencePoint vc="0" uspid="486" ordinal="0" offset="84" sl="99" sc="0" el="99" ec="0" bec="0" bev="0" fileid="13" />
                <SequencePoint vc="0" uspid="487" ordinal="0" offset="85" sl="100" sc="0" el="100" ec="0" bec="0" bev="0" fileid="13" />
                <SequencePoint vc="0" uspid="488" ordinal="0" offset="90" sl="94" sc="0" el="94" ec="0" bec="0" bev="0" fileid="13" />
                <SequencePoint vc="0" uspid="489" ordinal="0" offset="96" sl="101" sc="0" el="101" ec="0" bec="0" bev="0" fileid="13" />
                <SequencePoint vc="0" uspid="490" ordinal="0" offset="97" sl="103" sc="0" el="103" ec="0" bec="0" bev="0" fileid="13" />
                <SequencePoint vc="0" uspid="491" ordinal="0" offset="105" sl="104" sc="0" el="104" ec="0" bec="0" bev="0" fileid="13" />
              </SequencePoints>
              <BranchPoints />
            </Method>
            <Method visited="false" cyclomaticComplexity="0" nPathComplexity="0" sequenceCoverage="0.0" branchCoverage="0" crapScore="0" isConstructor="false" isStatic="false" isGetter="false" isSetter="false">
              <Summary numSequencePoints="3" visitedSequencePoints="0" numBranchPoints="0" visitedBranchPoints="0" sequenceCoverage="0.0" branchCoverage="0" maxCyclomaticComplexity="0" minCyclomaticComplexity="0" maxCrapScore="0" minCrapScore="0" visitedClasses="0" numClasses="0" visitedMethods="0" numMethods="1" />
              <MetadataToken>100663428</MetadataToken>
              <Name>System.Void PetCare.UIController::SetTextVisibility(System.Boolean)</Name>
              <FileRef uid="13" />
              <SequencePoints>
                <SequencePoint vc="0" uspid="492" ordinal="0" offset="13" sl="107" sc="0" el="107" ec="0" bec="0" bev="0" fileid="13" />
                <SequencePoint vc="0" uspid="493" ordinal="0" offset="14" sl="108" sc="0" el="108" ec="0" bec="0" bev="0" fileid="13" />
                <SequencePoint vc="0" uspid="494" ordinal="0" offset="38" sl="109" sc="0" el="109" ec="0" bec="0" bev="0" fileid="13" />
              </SequencePoints>
              <BranchPoints />
            </Method>
            <Method visited="false" cyclomaticComplexity="0" nPathComplexity="0" sequenceCoverage="0.0" branchCoverage="0" crapScore="0" isConstructor="false" isStatic="false" isGetter="false" isSetter="false">
              <Summary numSequencePoints="3" visitedSequencePoints="0" numBranchPoints="0" visitedBranchPoints="0" sequenceCoverage="0.0" branchCoverage="0" maxCyclomaticComplexity="0" minCyclomaticComplexity="0" maxCrapScore="0" minCrapScore="0" visitedClasses="0" numClasses="0" visitedMethods="0" numMethods="1" />
              <MetadataToken>100663429</MetadataToken>
              <Name>System.Void PetCare.UIController::CleanTextList()</Name>
              <FileRef uid="13" />
              <SequencePoints>
                <SequencePoint vc="0" uspid="495" ordinal="0" offset="0" sl="112" sc="0" el="112" ec="0" bec="0" bev="0" fileid="13" />
                <SequencePoint vc="0" uspid="496" ordinal="0" offset="1" sl="113" sc="0" el="113" ec="0" bec="0" bev="0" fileid="13" />
                <SequencePoint vc="0" uspid="497" ordinal="0" offset="13" sl="114" sc="0" el="114" ec="0" bec="0" bev="0" fileid="13" />
              </SequencePoints>
              <BranchPoints />
            </Method>
          </Methods>
        </Class>
        <Class>
          <Summary numSequencePoints="10" visitedSequencePoints="0" numBranchPoints="0" visitedBranchPoints="0" sequenceCoverage="0.0" branchCoverage="0.0" maxCyclomaticComplexity="0" minCyclomaticComplexity="0" maxCrapScore="0" minCrapScore="0" visitedClasses="0" numClasses="1" visitedMethods="0" numMethods="1" />
          <FullName>PetCare.TimerController/&lt;Timer&gt;d__4</FullName>
          <Methods>
            <Method visited="false" cyclomaticComplexity="0" nPathComplexity="0" sequenceCoverage="0.0" branchCoverage="0" crapScore="0" isConstructor="false" isStatic="false" isGetter="false" isSetter="false">
              <Summary numSequencePoints="10" visitedSequencePoints="0" numBranchPoints="0" visitedBranchPoints="0" sequenceCoverage="0.0" branchCoverage="0" maxCyclomaticComplexity="0" minCyclomaticComplexity="0" maxCrapScore="0" minCrapScore="0" visitedClasses="0" numClasses="0" visitedMethods="0" numMethods="1" />
              <MetadataToken>100663457</MetadataToken>
              <Name>System.Boolean PetCare.TimerController/&lt;Timer&gt;d__4::MoveNext()</Name>
              <FileRef uid="4" />
              <SequencePoints>
                <SequencePoint vc="0" uspid="498" ordinal="0" offset="42" sl="21" sc="0" el="21" ec="0" bec="0" bev="0" fileid="4" />
                <SequencePoint vc="0" uspid="499" ordinal="0" offset="43" sl="22" sc="0" el="22" ec="0" bec="0" bev="0" fileid="4" />
                <SequencePoint vc="0" uspid="500" ordinal="0" offset="77" sl="26" sc="0" el="26" ec="0" bec="0" bev="0" fileid="4" />
                <SequencePoint vc="0" uspid="501" ordinal="0" offset="78" sl="27" sc="0" el="27" ec="0" bec="0" bev="0" fileid="4" />
                <SequencePoint vc="0" uspid="502" ordinal="0" offset="116" sl="30" sc="0" el="30" ec="0" bec="0" bev="0" fileid="4" />
                <SequencePoint vc="0" uspid="503" ordinal="0" offset="128" sl="31" sc="0" el="31" ec="0" bec="0" bev="0" fileid="4" />
                <SequencePoint vc="0" uspid="504" ordinal="0" offset="129" sl="32" sc="0" el="32" ec="0" bec="0" bev="0" fileid="4" />
                <SequencePoint vc="0" uspid="505" ordinal="0" offset="140" sl="33" sc="0" el="33" ec="0" bec="0" bev="0" fileid="4" />
                <SequencePoint vc="0" uspid="506" ordinal="0" offset="141" sl="34" sc="0" el="34" ec="0" bec="0" bev="0" fileid="4" />
                <SequencePoint vc="0" uspid="507" ordinal="0" offset="142" sl="25" sc="0" el="25" ec="0" bec="0" bev="0" fileid="4" />
              </SequencePoints>
              <BranchPoints />
            </Method>
          </Methods>
        </Class>
        <Class>
          <Summary numSequencePoints="1" visitedSequencePoints="0" numBranchPoints="0" visitedBranchPoints="0" sequenceCoverage="0.0" branchCoverage="0.0" maxCyclomaticComplexity="0" minCyclomaticComplexity="0" maxCrapScore="0" minCrapScore="0" visitedClasses="0" numClasses="1" visitedMethods="0" numMethods="1" />
          <FullName>PetCare.BasketController/&lt;&gt;c__DisplayClass18_1</FullName>
          <Methods>
            <Method visited="false" cyclomaticComplexity="0" nPathComplexity="0" sequenceCoverage="0.0" branchCoverage="0" crapScore="0" isConstructor="false" isStatic="false" isGetter="false" isSetter="false">
              <Summary numSequencePoints="1" visitedSequencePoints="0" numBranchPoints="0" visitedBranchPoints="0" sequenceCoverage="0.0" branchCoverage="0" maxCyclomaticComplexity="0" minCyclomaticComplexity="0" maxCrapScore="0" minCrapScore="0" visitedClasses="0" numClasses="0" visitedMethods="0" numMethods="1" />
              <MetadataToken>100663479</MetadataToken>
              <Name>System.Boolean PetCare.BasketController/&lt;&gt;c__DisplayClass18_1::&lt;InitiateBasketData&gt;b__0(UnityEngine.GameObject)</Name>
              <FileRef uid="8" />
              <SequencePoints>
                <SequencePoint vc="0" uspid="508" ordinal="0" offset="0" sl="82" sc="0" el="82" ec="0" bec="0" bev="0" fileid="8" />
              </SequencePoints>
              <BranchPoints />
            </Method>
          </Methods>
        </Class>
        <Class>
          <Summary numSequencePoints="1" visitedSequencePoints="0" numBranchPoints="0" visitedBranchPoints="0" sequenceCoverage="0.0" branchCoverage="0.0" maxCyclomaticComplexity="0" minCyclomaticComplexity="0" maxCrapScore="0" minCrapScore="0" visitedClasses="0" numClasses="1" visitedMethods="0" numMethods="1" />
          <FullName>PetCare.BasketController/&lt;&gt;c__DisplayClass25_0</FullName>
          <Methods>
            <Method visited="false" cyclomaticComplexity="0" nPathComplexity="0" sequenceCoverage="0.0" branchCoverage="0" crapScore="0" isConstructor="false" isStatic="false" isGetter="false" isSetter="false">
              <Summary numSequencePoints="1" visitedSequencePoints="0" numBranchPoints="0" visitedBranchPoints="0" sequenceCoverage="0.0" branchCoverage="0" maxCyclomaticComplexity="0" minCyclomaticComplexity="0" maxCrapScore="0" minCrapScore="0" visitedClasses="0" numClasses="0" visitedMethods="0" numMethods="1" />
              <MetadataToken>100663481</MetadataToken>
              <Name>System.Boolean PetCare.BasketController/&lt;&gt;c__DisplayClass25_0::&lt;SpawnBasketItems&gt;b__0(PetCare.ItemData)</Name>
              <FileRef uid="8" />
              <SequencePoints>
                <SequencePoint vc="0" uspid="509" ordinal="0" offset="0" sl="184" sc="0" el="184" ec="0" bec="0" bev="0" fileid="8" />
              </SequencePoints>
              <BranchPoints />
            </Method>
          </Methods>
        </Class>
        <Class>
          <Summary numSequencePoints="1" visitedSequencePoints="0" numBranchPoints="0" visitedBranchPoints="0" sequenceCoverage="0.0" branchCoverage="0.0" maxCyclomaticComplexity="0" minCyclomaticComplexity="0" maxCrapScore="0" minCrapScore="0" visitedClasses="0" numClasses="1" visitedMethods="0" numMethods="1" />
          <FullName>PetCare.UIController/&lt;&gt;c__DisplayClass12_0</FullName>
          <Methods>
            <Method visited="false" cyclomaticComplexity="0" nPathComplexity="0" sequenceCoverage="0.0" branchCoverage="0" crapScore="0" isConstructor="false" isStatic="false" isGetter="false" isSetter="false">
              <Summary numSequencePoints="1" visitedSequencePoints="0" numBranchPoints="0" visitedBranchPoints="0" sequenceCoverage="0.0" branchCoverage="0" maxCyclomaticComplexity="0" minCyclomaticComplexity="0" maxCrapScore="0" minCrapScore="0" visitedClasses="0" numClasses="0" visitedMethods="0" numMethods="1" />
              <MetadataToken>100663483</MetadataToken>
              <Name>System.Void PetCare.UIController/&lt;&gt;c__DisplayClass12_0::&lt;SetTextVisibility&gt;b__0(UnityEngine.Transform)</Name>
              <FileRef uid="13" />
              <SequencePoints>
                <SequencePoint vc="0" uspid="510" ordinal="0" offset="0" sl="108" sc="0" el="108" ec="0" bec="0" bev="0" fileid="13" />
              </SequencePoints>
              <BranchPoints />
            </Method>
          </Methods>
        </Class>
      </Classes>
    </Module>
    <Module>
      <Summary numSequencePoints="26" visitedSequencePoints="26" numBranchPoints="0" visitedBranchPoints="0" sequenceCoverage="100.0" branchCoverage="0.0" maxCyclomaticComplexity="0" minCyclomaticComplexity="0" maxCrapScore="0" minCrapScore="0" visitedClasses="1" numClasses="1" visitedMethods="4" numMethods="4" />
      <ModuleTime>0001-01-01T00:00:00</ModuleTime>
      <ModuleName>Tests</ModuleName>
      <Files>
        <File uid="14" fullPath="D:/Estudos Unity/PetCare/PetCare_Prototype/PetCare/Assets/Scripts/Tests/PetTests.cs" />
      </Files>
      <Classes>
        <Class>
          <Summary numSequencePoints="26" visitedSequencePoints="26" numBranchPoints="0" visitedBranchPoints="0" sequenceCoverage="100.0" branchCoverage="0.0" maxCyclomaticComplexity="0" minCyclomaticComplexity="0" maxCrapScore="0" minCrapScore="0" visitedClasses="1" numClasses="1" visitedMethods="4" numMethods="4" />
          <FullName>PetTests</FullName>
          <Methods>
            <Method visited="true" cyclomaticComplexity="0" nPathComplexity="0" sequenceCoverage="100.0" branchCoverage="0" crapScore="0" isConstructor="false" isStatic="false" isGetter="false" isSetter="false">
              <Summary numSequencePoints="7" visitedSequencePoints="7" numBranchPoints="0" visitedBranchPoints="0" sequenceCoverage="100.0" branchCoverage="0" maxCyclomaticComplexity="0" minCyclomaticComplexity="0" maxCrapScore="0" minCrapScore="0" visitedClasses="0" numClasses="0" visitedMethods="1" numMethods="1" />
              <MetadataToken>100663297</MetadataToken>
              <Name>System.Void PetTests::DecreaseHungry_ShouldNotDecreaseWhenHungryIsBelowZero()</Name>
              <FileRef uid="14" />
              <SequencePoints>
                <SequencePoint vc="1" uspid="511" ordinal="0" offset="0" sl="13" sc="5" el="13" ec="5" bec="0" bev="0" fileid="14" />
                <SequencePoint vc="1" uspid="512" ordinal="0" offset="1" sl="14" sc="9" el="14" ec="9" bec="0" bev="0" fileid="14" />
                <SequencePoint vc="1" uspid="513" ordinal="0" offset="7" sl="16" sc="9" el="16" ec="9" bec="0" bev="0" fileid="14" />
                <SequencePoint vc="1" uspid="514" ordinal="0" offset="34" sl="22" sc="9" el="22" ec="9" bec="0" bev="0" fileid="14" />
                <SequencePoint vc="1" uspid="515" ordinal="0" offset="42" sl="24" sc="9" el="24" ec="9" bec="0" bev="0" fileid="14" />
                <SequencePoint vc="1" uspid="516" ordinal="0" offset="49" sl="26" sc="9" el="26" ec="9" bec="0" bev="0" fileid="14" />
                <SequencePoint vc="1" uspid="517" ordinal="0" offset="69" sl="27" sc="5" el="27" ec="5" bec="0" bev="0" fileid="14" />
              </SequencePoints>
              <BranchPoints />
            </Method>
            <Method visited="true" cyclomaticComplexity="0" nPathComplexity="0" sequenceCoverage="100.0" branchCoverage="0" crapScore="0" isConstructor="false" isStatic="false" isGetter="false" isSetter="false">
              <Summary numSequencePoints="7" visitedSequencePoints="7" numBranchPoints="0" visitedBranchPoints="0" sequenceCoverage="100.0" branchCoverage="0" maxCyclomaticComplexity="0" minCyclomaticComplexity="0" maxCrapScore="0" minCrapScore="0" visitedClasses="0" numClasses="0" visitedMethods="1" numMethods="1" />
              <MetadataToken>100663298</MetadataToken>
              <Name>System.Void PetTests::DecreaseHungry_ShouldDecreaseHungry()</Name>
              <FileRef uid="14" />
              <SequencePoints>
                <SequencePoint vc="1" uspid="518" ordinal="0" offset="0" sl="31" sc="5" el="31" ec="5" bec="0" bev="0" fileid="14" />
                <SequencePoint vc="1" uspid="519" ordinal="0" offset="1" sl="32" sc="9" el="32" ec="9" bec="0" bev="0" fileid="14" />
                <SequencePoint vc="1" uspid="520" ordinal="0" offset="7" sl="34" sc="9" el="34" ec="9" bec="0" bev="0" fileid="14" />
                <SequencePoint vc="1" uspid="521" ordinal="0" offset="34" sl="40" sc="9" el="40" ec="9" bec="0" bev="0" fileid="14" />
                <SequencePoint vc="1" uspid="522" ordinal="0" offset="42" sl="42" sc="9" el="42" ec="9" bec="0" bev="0" fileid="14" />
                <SequencePoint vc="1" uspid="523" ordinal="0" offset="49" sl="44" sc="9" el="44" ec="9" bec="0" bev="0" fileid="14" />
                <SequencePoint vc="1" uspid="524" ordinal="0" offset="69" sl="45" sc="5" el="45" ec="5" bec="0" bev="0" fileid="14" />
              </SequencePoints>
              <BranchPoints />
            </Method>
            <Method visited="true" cyclomaticComplexity="0" nPathComplexity="0" sequenceCoverage="100.0" branchCoverage="0" crapScore="0" isConstructor="false" isStatic="false" isGetter="false" isSetter="false">
              <Summary numSequencePoints="6" visitedSequencePoints="6" numBranchPoints="0" visitedBranchPoints="0" sequenceCoverage="100.0" branchCoverage="0" maxCyclomaticComplexity="0" minCyclomaticComplexity="0" maxCrapScore="0" minCrapScore="0" visitedClasses="0" numClasses="0" visitedMethods="1" numMethods="1" />
              <MetadataToken>100663299</MetadataToken>
              <Name>System.Void PetTests::IncreaseHungry_ShouldNotIncreaseWhenHungryIsAboveMaxHungry()</Name>
              <FileRef uid="14" />
              <SequencePoints>
                <SequencePoint vc="1" uspid="525" ordinal="0" offset="0" sl="49" sc="5" el="49" ec="5" bec="0" bev="0" fileid="14" />
                <SequencePoint vc="1" uspid="526" ordinal="0" offset="1" sl="50" sc="9" el="50" ec="9" bec="0" bev="0" fileid="14" />
                <SequencePoint vc="1" uspid="527" ordinal="0" offset="7" sl="52" sc="9" el="52" ec="9" bec="0" bev="0" fileid="14" />
                <SequencePoint vc="1" uspid="528" ordinal="0" offset="34" sl="58" sc="9" el="58" ec="9" bec="0" bev="0" fileid="14" />
                <SequencePoint vc="1" uspid="529" ordinal="0" offset="42" sl="60" sc="9" el="60" ec="9" bec="0" bev="0" fileid="14" />
                <SequencePoint vc="1" uspid="530" ordinal="0" offset="72" sl="61" sc="5" el="61" ec="5" bec="0" bev="0" fileid="14" />
              </SequencePoints>
              <BranchPoints />
            </Method>
            <Method visited="true" cyclomaticComplexity="0" nPathComplexity="0" sequenceCoverage="100.0" branchCoverage="0" crapScore="0" isConstructor="false" isStatic="false" isGetter="false" isSetter="false">
              <Summary numSequencePoints="6" visitedSequencePoints="6" numBranchPoints="0" visitedBranchPoints="0" sequenceCoverage="100.0" branchCoverage="0" maxCyclomaticComplexity="0" minCyclomaticComplexity="0" maxCrapScore="0" minCrapScore="0" visitedClasses="0" numClasses="0" visitedMethods="1" numMethods="1" />
              <MetadataToken>100663300</MetadataToken>
              <Name>System.Void PetTests::IncreaseHungry_ShouldIncreaseHungry()</Name>
              <FileRef uid="14" />
              <SequencePoints>
                <SequencePoint vc="1" uspid="531" ordinal="0" offset="0" sl="65" sc="5" el="65" ec="5" bec="0" bev="0" fileid="14" />
                <SequencePoint vc="1" uspid="532" ordinal="0" offset="1" sl="66" sc="9" el="66" ec="9" bec="0" bev="0" fileid="14" />
                <SequencePoint vc="1" uspid="533" ordinal="0" offset="7" sl="68" sc="9" el="68" ec="9" bec="0" bev="0" fileid="14" />
                <SequencePoint vc="1" uspid="534" ordinal="0" offset="34" sl="74" sc="9" el="74" ec="9" bec="0" bev="0" fileid="14" />
                <SequencePoint vc="1" uspid="535" ordinal="0" offset="42" sl="76" sc="9" el="76" ec="9" bec="0" bev="0" fileid="14" />
                <SequencePoint vc="1" uspid="536" ordinal="0" offset="63" sl="77" sc="5" el="77" ec="5" bec="0" bev="0" fileid="14" />
              </SequencePoints>
              <BranchPoints />
            </Method>
          </Methods>
        </Class>
      </Classes>
    </Module>
  </Modules>
</CoverageSession>